#
# A fatal error has been detected by the Java Runtime Environment:
#
#  EXCEPTION_ACCESS_VIOLATION (0xc0000005) at pc=0x00007ffa56731e26, pid=13916, tid=11500
#
# JRE version: OpenJDK Runtime Environment (11.0.1+13) (build 11.0.1+13)
# Java VM: OpenJDK 64-Bit Server VM (11.0.1+13, mixed mode, tiered, compressed oops, g1 gc, windows-amd64)
# Problematic frame:
# V  [jvm.dll+0x1a1e26]
#
# No core dump will be written. Minidumps are not enabled by default on client versions of Windows
#
# If you would like to submit a bug report, please visit:
#   http://bugreport.java.com/bugreport/crash.jsp
#

---------------  S U M M A R Y ------------

Command Line: -agentlib:jdwp=transport=dt_socket,address=127.0.0.1:58881,suspend=y,server=n -XX:TieredStopAtLevel=1 -Xverify:none -Dspring.output.ansi.enabled=always -javaagent:C:\Users\Sony\AppData\Local\JetBrains\IntelliJIdea2020.3\captureAgent\debugger-agent.jar -Dcom.sun.management.jmxremote -Dspring.jmx.enabled=true -Dspring.liveBeansView.mbeanDomain -Dspring.application.admin.enabled=true -Dfile.encoding=UTF-8 com.example.demo.DemoApplication

Host: Intel(R) Core(TM) i5-2430M CPU @ 2.40GHz, 4 cores, 11G,  Windows 10 , 64 bit Build 18362 (10.0.18362.1350)
Time: Thu Mar 18 10:10:55 2021 SE Asia Standard Time elapsed time: 8 seconds (0d 0h 0m 8s)

---------------  T H R E A D  ---------------

Current thread (0x000001f39e5b4800):  GCTaskThread "GC Thread#0" [stack: 0x0000005437e00000,0x0000005437f00000] [id=11500]

Stack: [0x0000005437e00000,0x0000005437f00000],  sp=0x0000005437efe168,  free space=1016k
Native frames: (J=compiled Java code, j=interpreted, Vv=VM code, C=native code)
V  [jvm.dll+0x1a1e26]

JavaThread 0x000001f39e59d800 (nid = 14328) was being processed
Java frames: (J=compiled Java code, j=interpreted, Vv=VM code)
J 1447  java.lang.ClassLoader.defineClass1(Ljava/lang/ClassLoader;Ljava/lang/String;[BIILjava/security/ProtectionDomain;Ljava/lang/String;)Ljava/lang/Class; java.base@11.0.1 (0 bytes) @ 0x000001f3a7183a0b [0x000001f3a7183940+0x00000000000000cb]
J 1444 c1 java.lang.ClassLoader.defineClass(Ljava/lang/String;[BIILjava/security/ProtectionDomain;)Ljava/lang/Class; java.base@11.0.1 (43 bytes) @ 0x000001f3a7182fc4 [0x000001f3a7182e80+0x0000000000000144]
J 1418 c1 jdk.internal.loader.BuiltinClassLoader.defineClass(Ljava/lang/String;Ljdk/internal/loader/Resource;)Ljava/lang/Class; java.base@11.0.1 (121 bytes) @ 0x000001f3a71779a4 [0x000001f3a71773c0+0x00000000000005e4]
J 1361 c1 jdk.internal.loader.BuiltinClassLoader.findClassOnClassPathOrNull(Ljava/lang/String;)Ljava/lang/Class; java.base@11.0.1 (64 bytes) @ 0x000001f3a715e9fc [0x000001f3a715e920+0x00000000000000dc]
J 1194 c1 jdk.internal.loader.BuiltinClassLoader.loadClassOrNull(Ljava/lang/String;Z)Ljava/lang/Class; java.base@11.0.1 (143 bytes) @ 0x000001f3a7103904 [0x000001f3a71033a0+0x0000000000000564]
J 1283 c1 jdk.internal.loader.ClassLoaders$AppClassLoader.loadClass(Ljava/lang/String;Z)Ljava/lang/Class; java.base@11.0.1 (40 bytes) @ 0x000001f3a713225c [0x000001f3a7132120+0x000000000000013c]
J 1265 c1 java.lang.ClassLoader.loadClass(Ljava/lang/String;)Ljava/lang/Class; java.base@11.0.1 (7 bytes) @ 0x000001f3a712c21c [0x000001f3a712c1c0+0x000000000000005c]
v  ~StubRoutines::call_stub
J 1447  java.lang.ClassLoader.defineClass1(Ljava/lang/ClassLoader;Ljava/lang/String;[BIILjava/security/ProtectionDomain;Ljava/lang/String;)Ljava/lang/Class; java.base@11.0.1 (0 bytes) @ 0x000001f3a7183a0b [0x000001f3a7183940+0x00000000000000cb]
J 1444 c1 java.lang.ClassLoader.defineClass(Ljava/lang/String;[BIILjava/security/ProtectionDomain;)Ljava/lang/Class; java.base@11.0.1 (43 bytes) @ 0x000001f3a7182fc4 [0x000001f3a7182e80+0x0000000000000144]
J 1418 c1 jdk.internal.loader.BuiltinClassLoader.defineClass(Ljava/lang/String;Ljdk/internal/loader/Resource;)Ljava/lang/Class; java.base@11.0.1 (121 bytes) @ 0x000001f3a71779a4 [0x000001f3a71773c0+0x00000000000005e4]
J 1361 c1 jdk.internal.loader.BuiltinClassLoader.findClassOnClassPathOrNull(Ljava/lang/String;)Ljava/lang/Class; java.base@11.0.1 (64 bytes) @ 0x000001f3a715e9fc [0x000001f3a715e920+0x00000000000000dc]
J 1194 c1 jdk.internal.loader.BuiltinClassLoader.loadClassOrNull(Ljava/lang/String;Z)Ljava/lang/Class; java.base@11.0.1 (143 bytes) @ 0x000001f3a7103904 [0x000001f3a71033a0+0x0000000000000564]
J 1283 c1 jdk.internal.loader.ClassLoaders$AppClassLoader.loadClass(Ljava/lang/String;Z)Ljava/lang/Class; java.base@11.0.1 (40 bytes) @ 0x000001f3a713225c [0x000001f3a7132120+0x000000000000013c]
J 1265 c1 java.lang.ClassLoader.loadClass(Ljava/lang/String;)Ljava/lang/Class; java.base@11.0.1 (7 bytes) @ 0x000001f3a712c21c [0x000001f3a712c1c0+0x000000000000005c]
v  ~StubRoutines::call_stub
J 2936  java.lang.Class.getDeclaredMethods0(Z)[Ljava/lang/reflect/Method; java.base@11.0.1 (0 bytes) @ 0x000001f3a741d28b [0x000001f3a741d240+0x000000000000004b]
J 1449 c1 java.lang.Class.privateGetDeclaredMethods(Z)[Ljava/lang/reflect/Method; java.base@11.0.1 (64 bytes) @ 0x000001f3a7184fa4 [0x000001f3a7184f00+0x00000000000000a4]
J 3773 c1 org.springframework.util.ReflectionUtils.getDeclaredMethods(Ljava/lang/Class;Z)[Ljava/lang/reflect/Method; (209 bytes) @ 0x000001f3a75b6884 [0x000001f3a75b6780+0x0000000000000104]
J 3899 c1 org.springframework.util.ReflectionUtils.doWithLocalMethods(Ljava/lang/Class;Lorg/springframework/util/ReflectionUtils$MethodCallback;)V (89 bytes) @ 0x000001f3a75f0294 [0x000001f3a75f0260+0x0000000000000034]
j  org.springframework.orm.jpa.support.PersistenceAnnotationBeanPostProcessor.buildPersistenceMetadata(Ljava/lang/Class;)Lorg/springframework/beans/factory/annotation/InjectionMetadata;+69
j  org.springframework.orm.jpa.support.PersistenceAnnotationBeanPostProcessor.findPersistenceMetadata(Ljava/lang/String;Ljava/lang/Class;Lorg/springframework/beans/PropertyValues;)Lorg/springframework/beans/factory/annotation/InjectionMetadata;+88
j  org.springframework.orm.jpa.support.PersistenceAnnotationBeanPostProcessor.postProcessMergedBeanDefinition(Lorg/springframework/beans/factory/support/RootBeanDefinition;Ljava/lang/Class;Ljava/lang/String;)V+4
j  org.springframework.beans.factory.support.AbstractAutowireCapableBeanFactory.applyMergedBeanDefinitionPostProcessors(Lorg/springframework/beans/factory/support/RootBeanDefinition;Ljava/lang/Class;Ljava/lang/String;)V+41
j  org.springframework.beans.factory.support.AbstractAutowireCapableBeanFactory.doCreateBean(Ljava/lang/String;Lorg/springframework/beans/factory/support/RootBeanDefinition;[Ljava/lang/Object;)Ljava/lang/Object;+90
j  org.springframework.beans.factory.support.AbstractAutowireCapableBeanFactory.createBean(Ljava/lang/String;Lorg/springframework/beans/factory/support/RootBeanDefinition;[Ljava/lang/Object;)Ljava/lang/Object;+169
j  org.springframework.beans.factory.support.AbstractBeanFactory.lambda$doGetBean$0(Ljava/lang/String;Lorg/springframework/beans/factory/support/RootBeanDefinition;[Ljava/lang/Object;)Ljava/lang/Object;+4
j  org.springframework.beans.factory.support.AbstractBeanFactory$$Lambda$277.getObject()Ljava/lang/Object;+16
j  org.springframework.beans.factory.support.DefaultSingletonBeanRegistry.getSingleton(Ljava/lang/String;Lorg/springframework/beans/factory/ObjectFactory;)Ljava/lang/Object;+132
J 3600 c1 org.springframework.beans.factory.support.AbstractBeanFactory.doGetBean(Ljava/lang/String;Ljava/lang/Class;[Ljava/lang/Object;Z)Ljava/lang/Object; (832 bytes) @ 0x000001f3a7556284 [0x000001f3a7555b00+0x0000000000000784]
J 3115 c1 org.springframework.beans.factory.support.AbstractBeanFactory.getBean(Ljava/lang/String;Ljava/lang/Class;)Ljava/lang/Object; (9 bytes) @ 0x000001f3a746c624 [0x000001f3a746c5c0+0x0000000000000064]
j  org.springframework.boot.web.servlet.context.ServletWebServerApplicationContext.getWebServerFactory()Lorg/springframework/boot/web/servlet/server/ServletWebServerFactory;+72
j  org.springframework.boot.web.servlet.context.ServletWebServerApplicationContext.createWebServer()V+31
j  org.springframework.boot.web.servlet.context.ServletWebServerApplicationContext.onRefresh()V+5
j  org.springframework.context.support.AbstractApplicationContext.refresh()V+77
j  org.springframework.boot.web.servlet.context.ServletWebServerApplicationContext.refresh()V+1
j  org.springframework.boot.SpringApplication.refresh(Lorg/springframework/context/ConfigurableApplicationContext;)V+1
j  org.springframework.boot.SpringApplication.refresh(Lorg/springframework/context/ApplicationContext;)V+12
j  org.springframework.boot.SpringApplication.refreshContext(Lorg/springframework/context/ConfigurableApplicationContext;)V+19
j  org.springframework.boot.SpringApplication.run([Ljava/lang/String;)Lorg/springframework/context/ConfigurableApplicationContext;+111
j  org.springframework.boot.SpringApplication.run([Ljava/lang/Class;[Ljava/lang/String;)Lorg/springframework/context/ConfigurableApplicationContext;+9
j  org.springframework.boot.SpringApplication.run(Ljava/lang/Class;[Ljava/lang/String;)Lorg/springframework/context/ConfigurableApplicationContext;+9
j  com.example.demo.DemoApplication.main([Ljava/lang/String;)V+3
v  ~StubRoutines::call_stub

siginfo: EXCEPTION_ACCESS_VIOLATION (0xc0000005), reading address 0x00000008616c6336


Register to memory mapping:

RIP=0x00007ffa56731e26 jvm.dll
RAX=0x0000000000000001 is an unknown value
RBX=0x0000000745915e54 is pointing into object: 0x0000000745915e40
java.util.HashMap$Node 
{0x0000000745915e40} - klass: 'java/util/HashMap$Node'
RCX=0x000000074775bb28 is pointing into object: 0x000000074775bae0
[B 
{0x000000074775bae0} - klass: {type array byte}
 - length: 70
RDX=0x000000074775bb28 is pointing into object: 0x000000074775bae0
[B 
{0x000000074775bae0} - klass: {type array byte}
 - length: 70
RSP=0x0000005437efe168 points into unknown readable memory
RBP=0x000001f3c14b2df0 points into unknown readable memory
RSI=0x000001f3c14b2df0 points into unknown readable memory
RDI=0x0000000000000001 is an unknown value
R8 =0x000000074775bb28 is pointing into object: 0x000000074775bae0
[B 
{0x000000074775bae0} - klass: {type array byte}
 - length: 70
R9 =0x00000008616c632e is an unknown value
R10=0x000000080002d4a0 is pointing into metadata
R11=0x0000000745915d48 is an oop
[Ljava.util.HashMap$Node; 
{0x0000000745915d48} - klass: 'java/util/HashMap$Node'[]
 - length: 16
R12=0x0 is NULL
R13=0x00000000000003d8 is an unknown value
R14=0x000000074775bb28 is pointing into object: 0x000000074775bae0
[B 
{0x000000074775bae0} - klass: {type array byte}
 - length: 70
R15=0x79726f7463614672 is an unknown value


Registers:
RAX=0x0000000000000001, RBX=0x0000000745915e54, RCX=0x000000074775bb28, RDX=0x000000074775bb28
RSP=0x0000005437efe168, RBP=0x000001f3c14b2df0, RSI=0x000001f3c14b2df0, RDI=0x0000000000000001
R8 =0x000000074775bb28, R9 =0x00000008616c632e, R10=0x000000080002d4a0, R11=0x0000000745915d48
R12=0x0000000000000000, R13=0x00000000000003d8, R14=0x000000074775bb28, R15=0x79726f7463614672
RIP=0x00007ffa56731e26, EFLAGS=0x0000000000010206

Top of Stack: (sp=0x0000005437efe168)
0x0000005437efe168:   00007ffa568a738e 0000000745915e40
0x0000005437efe178:   000000074735bb48 0000000745915d01
0x0000005437efe188:   0000000000000001 000001f300000200
0x0000005437efe198:   00007ffa568b5cc9 0000005e45914a00
0x0000005437efe1a8:   00007ffa5687f848 000001f3c14b2df0
0x0000005437efe1b8:   0000000000000040 000001f39e5aba38
0x0000005437efe1c8:   00000000000003d8 0000000000000000
0x0000005437efe1d8:   000001f39e5aba30 0000000000000000
0x0000005437efe1e8:   00007ffa568a511d 000001f3c14b2df0
0x0000005437efe1f8:   000001f39e5aba38 000000000000000d
0x0000005437efe208:   0000000745915e54 0000000745915e55
0x0000005437efe218:   00007ffa56bc4c9f 0000005437efe2b0
0x0000005437efe228:   00007ffa568a621c 0000001100000000
0x0000005437efe238:   0000000745e1b7cd 0000000000000000
0x0000005437efe248:   0000000000000000 00007ffa56e09df0
0x0000005437efe258:   0000000000001000 000001f3c1ca7268 

Instructions: (pc=0x00007ffa56731e26)
0x00007ffa56731e06:   48 83 c4 30 5f c3 cc cc cc cc 48 8b 49 38 48 8b
0x00007ffa56731e16:   01 48 ff 60 28 cc cc cc cc cc 4c 8b ca 48 8b d1
0x00007ffa56731e26:   45 8b 41 08 45 85 c0 7e 0e 41 f6 c0 01 75 56 41
0x00007ffa56731e36:   c1 f8 03 41 8b c0 c3 79 4c 80 3d 1b c0 8c 00 00 



---------------  P R O C E S S  ---------------

Threads class SMR info:
_java_thread_list=0x000001f3c177faf0, length=17, elements={
0x000001f39e59d800, 0x000001f3bf765800, 0x000001f3bf767800, 0x000001f3bf7ae000,
0x000001f3bf7af000, 0x000001f3bf7b4800, 0x000001f3bf7b7800, 0x000001f3bef1a800,
0x000001f3bf93c800, 0x000001f3bf93d800, 0x000001f3bf988000, 0x000001f3bf997000,
0x000001f3bf997800, 0x000001f3bfb5d800, 0x000001f3c0205800, 0x000001f3c00ae000,
0x000001f3c0e8f800
}

Java Threads: ( => current thread )
  0x000001f39e59d800 JavaThread "main" [_thread_blocked, id=14328, stack(0x0000005437d00000,0x0000005437e00000)]
  0x000001f3bf765800 JavaThread "Reference Handler" daemon [_thread_blocked, id=9544, stack(0x0000005438400000,0x0000005438500000)]
  0x000001f3bf767800 JavaThread "Finalizer" daemon [_thread_blocked, id=2716, stack(0x0000005438500000,0x0000005438600000)]
  0x000001f3bf7ae000 JavaThread "Signal Dispatcher" daemon [_thread_blocked, id=12808, stack(0x0000005438600000,0x0000005438700000)]
  0x000001f3bf7af000 JavaThread "Attach Listener" daemon [_thread_blocked, id=12332, stack(0x0000005438700000,0x0000005438800000)]
  0x000001f3bf7b4800 JavaThread "C1 CompilerThread0" daemon [_thread_blocked, id=9400, stack(0x0000005438800000,0x0000005438900000)]
  0x000001f3bf7b7800 JavaThread "Sweeper thread" daemon [_thread_blocked, id=1992, stack(0x0000005438900000,0x0000005438a00000)]
  0x000001f3bef1a800 JavaThread "Common-Cleaner" daemon [_thread_blocked, id=3988, stack(0x0000005438a00000,0x0000005438b00000)]
  0x000001f3bf93c800 JavaThread "C1 CompilerThread1" daemon [_thread_blocked, id=12836, stack(0x0000005438b00000,0x0000005438c00000)]
  0x000001f3bf93d800 JavaThread "C1 CompilerThread2" daemon [_thread_blocked, id=12812, stack(0x0000005438c00000,0x0000005438d00000)]
  0x000001f3bf988000 JavaThread "JDWP Transport Listener: dt_socket" daemon [_thread_blocked, id=12208, stack(0x0000005438d00000,0x0000005438e00000)]
  0x000001f3bf997000 JavaThread "JDWP Event Helper Thread" daemon [_thread_blocked, id=10408, stack(0x0000005438e00000,0x0000005438f00000)]
  0x000001f3bf997800 JavaThread "JDWP Command Reader" daemon [_thread_in_native, id=8076, stack(0x0000005438f00000,0x0000005439000000)]
  0x000001f3bfb5d800 JavaThread "Service Thread" daemon [_thread_blocked, id=7920, stack(0x0000005439000000,0x0000005439100000)]
  0x000001f3c0205800 JavaThread "RMI TCP Accept-0" daemon [_thread_in_native, id=816, stack(0x0000005439400000,0x0000005439500000)]
  0x000001f3c00ae000 JavaThread "RMI TCP Connection(1)-10.1.130.69" daemon [_thread_in_native, id=9360, stack(0x0000005439600000,0x0000005439700000)]
  0x000001f3c0e8f800 JavaThread "RMI Scheduler(0)" daemon [_thread_blocked, id=12352, stack(0x0000005439700000,0x0000005439800000)]

Other Threads:
  0x000001f3bf764000 VMThread "VM Thread" [stack: 0x0000005438300000,0x0000005438400000] [id=15028]
  0x000001f3c0219000 WatcherThread [stack: 0x0000005439500000,0x0000005439600000] [id=6588]
=>0x000001f39e5b4800 GCTaskThread "GC Thread#0" [stack: 0x0000005437e00000,0x0000005437f00000] [id=11500]
  0x000001f3c0148000 GCTaskThread "GC Thread#1" [stack: 0x0000005439100000,0x0000005439200000] [id=4656]
  0x000001f3c014b000 GCTaskThread "GC Thread#2" [stack: 0x0000005439200000,0x0000005439300000] [id=4176]
  0x000001f3c014b800 GCTaskThread "GC Thread#3" [stack: 0x0000005439300000,0x0000005439400000] [id=13772]
  0x000001f39e5f9800 ConcurrentGCThread "G1 Main Marker" [stack: 0x0000005437f00000,0x0000005438000000] [id=6724]
  0x000001f39e5fc800 ConcurrentGCThread "G1 Conc#0" [stack: 0x0000005438000000,0x0000005438100000] [id=9960]
  0x000001f3bedc8800 ConcurrentGCThread "G1 Refine#0" [stack: 0x0000005438100000,0x0000005438200000] [id=5404]
  0x000001f3bedc9800 ConcurrentGCThread "G1 Young RemSet Sampling" [stack: 0x0000005438200000,0x0000005438300000] [id=9524]

Threads with active compile tasks:

VM state:at safepoint (normal execution)

VM Mutex/Monitor currently owned by a thread:  ([mutex/lock_event])
[0x000001f39e59ba90] Threads_lock - owner thread: 0x000001f3bf764000
[0x000001f39e599f00] Heap_lock - owner thread: 0x000001f39e59d800

Heap address: 0x0000000740c00000, size: 3060 MB, Compressed Oops mode: Zero based, Oop shift amount: 3
Narrow klass base: 0x0000000800000000, Narrow klass shift: 0
Compressed class space size: 1073741824 Address: 0x0000000800000000

Heap:
 garbage-first heap   total 196608K, used 118678K [0x0000000740c00000, 0x0000000800000000)
  region size 1024K, 108 young (110592K), 6 survivors (6144K)
 Metaspace       used 34688K, capacity 35831K, committed 35920K, reserved 1081344K
  class space    used 4428K, capacity 4859K, committed 4864K, reserved 1048576K
Heap Regions: E=young(eden), S=young(survivor), O=old, HS=humongous(starts), HC=humongous(continues), CS=collection set, F=free, A=archive, TAMS=top-at-mark-start (previous, next)
|   0|0x0000000740c00000, 0x0000000740d00000, 0x0000000740d00000|100%|HS|  |TAMS 0x0000000740d00000, 0x0000000740d00000| Complete 
|   1|0x0000000740d00000, 0x0000000740e00000, 0x0000000740e00000|100%| O|  |TAMS 0x0000000740e00000, 0x0000000740e00000| Untracked 
|   2|0x0000000740e00000, 0x0000000740f00000, 0x0000000740f00000|100%| O|  |TAMS 0x0000000740f00000, 0x0000000740f00000| Untracked 
|   3|0x0000000740f00000, 0x0000000741000000, 0x0000000741000000|100%| O|  |TAMS 0x0000000741000000, 0x0000000741000000| Untracked 
|   4|0x0000000741000000, 0x0000000741100000, 0x0000000741100000|100%| O|  |TAMS 0x0000000741100000, 0x0000000741100000| Untracked 
|   5|0x0000000741100000, 0x0000000741200000, 0x0000000741200000|100%| O|  |TAMS 0x0000000741200000, 0x0000000741200000| Untracked 
|   6|0x0000000741200000, 0x0000000741300000, 0x0000000741300000|100%| O|  |TAMS 0x00000007412bb800, 0x0000000741300000| Untracked 
|   7|0x0000000741300000, 0x000000074138da00, 0x0000000741400000| 55%| O|  |TAMS 0x0000000741300000, 0x0000000741400000| Untracked 
|   8|0x0000000741400000, 0x0000000741400000, 0x0000000741500000|  0%| F|  |TAMS 0x0000000741400000, 0x0000000741400000| Untracked 
|   9|0x0000000741500000, 0x0000000741500000, 0x0000000741600000|  0%| F|  |TAMS 0x0000000741500000, 0x0000000741500000| Untracked 
|  10|0x0000000741600000, 0x0000000741600000, 0x0000000741700000|  0%| F|  |TAMS 0x0000000741600000, 0x0000000741600000| Untracked 
|  11|0x0000000741700000, 0x0000000741700000, 0x0000000741800000|  0%| F|  |TAMS 0x0000000741700000, 0x0000000741700000| Untracked 
|  12|0x0000000741800000, 0x0000000741800000, 0x0000000741900000|  0%| F|  |TAMS 0x0000000741800000, 0x0000000741800000| Untracked 
|  13|0x0000000741900000, 0x0000000741900000, 0x0000000741a00000|  0%| F|  |TAMS 0x0000000741900000, 0x0000000741900000| Untracked 
|  14|0x0000000741a00000, 0x0000000741a00000, 0x0000000741b00000|  0%| F|  |TAMS 0x0000000741a00000, 0x0000000741a00000| Untracked 
|  15|0x0000000741b00000, 0x0000000741b00000, 0x0000000741c00000|  0%| F|  |TAMS 0x0000000741b00000, 0x0000000741b00000| Untracked 
|  16|0x0000000741c00000, 0x0000000741c00000, 0x0000000741d00000|  0%| F|  |TAMS 0x0000000741c00000, 0x0000000741c00000| Untracked 
|  17|0x0000000741d00000, 0x0000000741d00000, 0x0000000741e00000|  0%| F|  |TAMS 0x0000000741d00000, 0x0000000741d00000| Untracked 
|  18|0x0000000741e00000, 0x0000000741e00000, 0x0000000741f00000|  0%| F|  |TAMS 0x0000000741e00000, 0x0000000741e00000| Untracked 
|  19|0x0000000741f00000, 0x0000000741f00000, 0x0000000742000000|  0%| F|  |TAMS 0x0000000741f00000, 0x0000000741f00000| Untracked 
|  20|0x0000000742000000, 0x0000000742000000, 0x0000000742100000|  0%| F|  |TAMS 0x0000000742000000, 0x0000000742000000| Untracked 
|  21|0x0000000742100000, 0x0000000742100000, 0x0000000742200000|  0%| F|  |TAMS 0x0000000742100000, 0x0000000742100000| Untracked 
|  22|0x0000000742200000, 0x0000000742200000, 0x0000000742300000|  0%| F|  |TAMS 0x0000000742200000, 0x0000000742200000| Untracked 
|  23|0x0000000742300000, 0x0000000742300000, 0x0000000742400000|  0%| F|  |TAMS 0x0000000742300000, 0x0000000742300000| Untracked 
|  24|0x0000000742400000, 0x0000000742400000, 0x0000000742500000|  0%| F|  |TAMS 0x0000000742400000, 0x0000000742400000| Untracked 
|  25|0x0000000742500000, 0x0000000742500000, 0x0000000742600000|  0%| F|  |TAMS 0x0000000742500000, 0x0000000742500000| Untracked 
|  26|0x0000000742600000, 0x0000000742600000, 0x0000000742700000|  0%| F|  |TAMS 0x0000000742600000, 0x0000000742600000| Untracked 
|  27|0x0000000742700000, 0x0000000742700000, 0x0000000742800000|  0%| F|  |TAMS 0x0000000742700000, 0x0000000742700000| Untracked 
|  28|0x0000000742800000, 0x0000000742800000, 0x0000000742900000|  0%| F|  |TAMS 0x0000000742800000, 0x0000000742800000| Untracked 
|  29|0x0000000742900000, 0x0000000742900000, 0x0000000742a00000|  0%| F|  |TAMS 0x0000000742900000, 0x0000000742900000| Untracked 
|  30|0x0000000742a00000, 0x0000000742a00000, 0x0000000742b00000|  0%| F|  |TAMS 0x0000000742a00000, 0x0000000742a00000| Untracked 
|  31|0x0000000742b00000, 0x0000000742b00000, 0x0000000742c00000|  0%| F|  |TAMS 0x0000000742b00000, 0x0000000742b00000| Untracked 
|  32|0x0000000742c00000, 0x0000000742c00000, 0x0000000742d00000|  0%| F|  |TAMS 0x0000000742c00000, 0x0000000742c00000| Untracked 
|  33|0x0000000742d00000, 0x0000000742d00000, 0x0000000742e00000|  0%| F|  |TAMS 0x0000000742d00000, 0x0000000742d00000| Untracked 
|  34|0x0000000742e00000, 0x0000000742e00000, 0x0000000742f00000|  0%| F|  |TAMS 0x0000000742e00000, 0x0000000742e00000| Untracked 
|  35|0x0000000742f00000, 0x0000000742f00000, 0x0000000743000000|  0%| F|  |TAMS 0x0000000742f00000, 0x0000000742f00000| Untracked 
|  36|0x0000000743000000, 0x0000000743000000, 0x0000000743100000|  0%| F|  |TAMS 0x0000000743000000, 0x0000000743000000| Untracked 
|  37|0x0000000743100000, 0x0000000743100000, 0x0000000743200000|  0%| F|  |TAMS 0x0000000743100000, 0x0000000743100000| Untracked 
|  38|0x0000000743200000, 0x0000000743200000, 0x0000000743300000|  0%| F|  |TAMS 0x0000000743200000, 0x0000000743200000| Untracked 
|  39|0x0000000743300000, 0x0000000743300000, 0x0000000743400000|  0%| F|  |TAMS 0x0000000743300000, 0x0000000743300000| Untracked 
|  40|0x0000000743400000, 0x0000000743400000, 0x0000000743500000|  0%| F|  |TAMS 0x0000000743400000, 0x0000000743400000| Untracked 
|  41|0x0000000743500000, 0x0000000743500000, 0x0000000743600000|  0%| F|  |TAMS 0x0000000743500000, 0x0000000743500000| Untracked 
|  42|0x0000000743600000, 0x0000000743600000, 0x0000000743700000|  0%| F|  |TAMS 0x0000000743600000, 0x0000000743600000| Untracked 
|  43|0x0000000743700000, 0x0000000743700000, 0x0000000743800000|  0%| F|  |TAMS 0x0000000743700000, 0x0000000743700000| Untracked 
|  44|0x0000000743800000, 0x0000000743800000, 0x0000000743900000|  0%| F|  |TAMS 0x0000000743800000, 0x0000000743800000| Untracked 
|  45|0x0000000743900000, 0x0000000743900000, 0x0000000743a00000|  0%| F|  |TAMS 0x0000000743900000, 0x0000000743900000| Untracked 
|  46|0x0000000743a00000, 0x0000000743a00000, 0x0000000743b00000|  0%| F|  |TAMS 0x0000000743a00000, 0x0000000743a00000| Untracked 
|  47|0x0000000743b00000, 0x0000000743b00000, 0x0000000743c00000|  0%| F|  |TAMS 0x0000000743b00000, 0x0000000743b00000| Untracked 
|  48|0x0000000743c00000, 0x0000000743c00000, 0x0000000743d00000|  0%| F|  |TAMS 0x0000000743c00000, 0x0000000743c00000| Untracked 
|  49|0x0000000743d00000, 0x0000000743d00000, 0x0000000743e00000|  0%| F|  |TAMS 0x0000000743d00000, 0x0000000743d00000| Untracked 
|  50|0x0000000743e00000, 0x0000000743e00000, 0x0000000743f00000|  0%| F|  |TAMS 0x0000000743e00000, 0x0000000743e00000| Untracked 
|  51|0x0000000743f00000, 0x0000000743f00000, 0x0000000744000000|  0%| F|  |TAMS 0x0000000743f00000, 0x0000000743f00000| Untracked 
|  52|0x0000000744000000, 0x0000000744000000, 0x0000000744100000|  0%| F|  |TAMS 0x0000000744000000, 0x0000000744000000| Untracked 
|  53|0x0000000744100000, 0x0000000744100000, 0x0000000744200000|  0%| F|  |TAMS 0x0000000744100000, 0x0000000744100000| Untracked 
|  54|0x0000000744200000, 0x0000000744200000, 0x0000000744300000|  0%| F|  |TAMS 0x0000000744200000, 0x0000000744200000| Untracked 
|  55|0x0000000744300000, 0x0000000744300000, 0x0000000744400000|  0%| F|  |TAMS 0x0000000744300000, 0x0000000744300000| Untracked 
|  56|0x0000000744400000, 0x0000000744400000, 0x0000000744500000|  0%| F|  |TAMS 0x0000000744400000, 0x0000000744400000| Untracked 
|  57|0x0000000744500000, 0x0000000744500000, 0x0000000744600000|  0%| F|  |TAMS 0x0000000744500000, 0x0000000744500000| Untracked 
|  58|0x0000000744600000, 0x0000000744600000, 0x0000000744700000|  0%| F|  |TAMS 0x0000000744600000, 0x0000000744600000| Untracked 
|  59|0x0000000744700000, 0x0000000744700000, 0x0000000744800000|  0%| F|  |TAMS 0x0000000744700000, 0x0000000744700000| Untracked 
|  60|0x0000000744800000, 0x0000000744800000, 0x0000000744900000|  0%| F|  |TAMS 0x0000000744800000, 0x0000000744800000| Untracked 
|  61|0x0000000744900000, 0x0000000744900000, 0x0000000744a00000|  0%| F|  |TAMS 0x0000000744900000, 0x0000000744900000| Untracked 
|  62|0x0000000744a00000, 0x0000000744a00000, 0x0000000744b00000|  0%| F|  |TAMS 0x0000000744a00000, 0x0000000744a00000| Untracked 
|  63|0x0000000744b00000, 0x0000000744b00000, 0x0000000744c00000|  0%| F|  |TAMS 0x0000000744b00000, 0x0000000744b00000| Untracked 
|  64|0x0000000744c00000, 0x0000000744c00000, 0x0000000744d00000|  0%| F|  |TAMS 0x0000000744c00000, 0x0000000744c00000| Untracked 
|  65|0x0000000744d00000, 0x0000000744d00000, 0x0000000744e00000|  0%| F|  |TAMS 0x0000000744d00000, 0x0000000744d00000| Untracked 
|  66|0x0000000744e00000, 0x0000000744e00000, 0x0000000744f00000|  0%| F|  |TAMS 0x0000000744e00000, 0x0000000744e00000| Untracked 
|  67|0x0000000744f00000, 0x0000000744f00000, 0x0000000745000000|  0%| F|  |TAMS 0x0000000744f00000, 0x0000000744f00000| Untracked 
|  68|0x0000000745000000, 0x0000000745000000, 0x0000000745100000|  0%| F|  |TAMS 0x0000000745000000, 0x0000000745000000| Untracked 
|  69|0x0000000745100000, 0x0000000745100000, 0x0000000745200000|  0%| F|  |TAMS 0x0000000745100000, 0x0000000745100000| Untracked 
|  70|0x0000000745200000, 0x0000000745200000, 0x0000000745300000|  0%| F|  |TAMS 0x0000000745200000, 0x0000000745200000| Untracked 
|  71|0x0000000745300000, 0x0000000745300000, 0x0000000745400000|  0%| F|  |TAMS 0x0000000745300000, 0x0000000745300000| Untracked 
|  72|0x0000000745400000, 0x0000000745400000, 0x0000000745500000|  0%| F|  |TAMS 0x0000000745400000, 0x0000000745400000| Untracked 
|  73|0x0000000745500000, 0x0000000745500000, 0x0000000745600000|  0%| F|  |TAMS 0x0000000745500000, 0x0000000745500000| Untracked 
|  74|0x0000000745600000, 0x0000000745600000, 0x0000000745700000|  0%| F|  |TAMS 0x0000000745600000, 0x0000000745600000| Untracked 
|  75|0x0000000745700000, 0x0000000745700000, 0x0000000745800000|  0%| F|  |TAMS 0x0000000745700000, 0x0000000745700000| Untracked 
|  76|0x0000000745800000, 0x0000000745800000, 0x0000000745900000|  0%| F|  |TAMS 0x0000000745800000, 0x0000000745800000| Untracked 
|  77|0x0000000745900000, 0x0000000745943c98, 0x0000000745a00000| 26%| S|  |TAMS 0x0000000745900000, 0x0000000745900000| Complete 
|  78|0x0000000745a00000, 0x0000000745b00000, 0x0000000745b00000|100%| S|  |TAMS 0x0000000745a00000, 0x0000000745a00000| Complete 
|  79|0x0000000745b00000, 0x0000000745c00000, 0x0000000745c00000|100%| S|  |TAMS 0x0000000745b00000, 0x0000000745b00000| Complete 
|  80|0x0000000745c00000, 0x0000000745d00000, 0x0000000745d00000|100%| S|  |TAMS 0x0000000745c00000, 0x0000000745c00000| Complete 
|  81|0x0000000745d00000, 0x0000000745e00000, 0x0000000745e00000|100%| S|  |TAMS 0x0000000745d00000, 0x0000000745d00000| Complete 
|  82|0x0000000745e00000, 0x0000000745f00000, 0x0000000745f00000|100%| S|  |TAMS 0x0000000745e00000, 0x0000000745e00000| Complete 
|  83|0x0000000745f00000, 0x0000000746000000, 0x0000000746000000|100%| E|CS|TAMS 0x0000000745f00000, 0x0000000746000000| Complete 
|  84|0x0000000746000000, 0x0000000746100000, 0x0000000746100000|100%| E|CS|TAMS 0x0000000746000000, 0x0000000746100000| Complete 
|  85|0x0000000746100000, 0x0000000746200000, 0x0000000746200000|100%| E|CS|TAMS 0x0000000746100000, 0x0000000746200000| Complete 
|  86|0x0000000746200000, 0x0000000746300000, 0x0000000746300000|100%| E|CS|TAMS 0x0000000746200000, 0x0000000746300000| Complete 
|  87|0x0000000746300000, 0x0000000746400000, 0x0000000746400000|100%| E|CS|TAMS 0x0000000746300000, 0x0000000746400000| Complete 
|  88|0x0000000746400000, 0x0000000746500000, 0x0000000746500000|100%| E|CS|TAMS 0x0000000746400000, 0x0000000746500000| Complete 
|  89|0x0000000746500000, 0x0000000746600000, 0x0000000746600000|100%| E|CS|TAMS 0x0000000746500000, 0x0000000746600000| Complete 
|  90|0x0000000746600000, 0x0000000746700000, 0x0000000746700000|100%| E|CS|TAMS 0x0000000746600000, 0x0000000746700000| Complete 
|  91|0x0000000746700000, 0x0000000746757e30, 0x0000000746800000| 34%| E|CS|TAMS 0x0000000746700000, 0x0000000746757e30| Complete 
|  92|0x0000000746800000, 0x0000000746900000, 0x0000000746900000|100%| E|CS|TAMS 0x0000000746800000, 0x0000000746900000| Complete 
|  93|0x0000000746900000, 0x0000000746a00000, 0x0000000746a00000|100%| E|CS|TAMS 0x0000000746900000, 0x0000000746a00000| Complete 
|  94|0x0000000746a00000, 0x0000000746b00000, 0x0000000746b00000|100%| E|CS|TAMS 0x0000000746a00000, 0x0000000746b00000| Complete 
|  95|0x0000000746b00000, 0x0000000746c00000, 0x0000000746c00000|100%| E|CS|TAMS 0x0000000746b00000, 0x0000000746c00000| Complete 
|  96|0x0000000746c00000, 0x0000000746d00000, 0x0000000746d00000|100%| E|CS|TAMS 0x0000000746c00000, 0x0000000746d00000| Complete 
|  97|0x0000000746d00000, 0x0000000746e00000, 0x0000000746e00000|100%| E|CS|TAMS 0x0000000746d00000, 0x0000000746e00000| Complete 
|  98|0x0000000746e00000, 0x0000000746f00000, 0x0000000746f00000|100%| E|CS|TAMS 0x0000000746e00000, 0x0000000746f00000| Complete 
|  99|0x0000000746f00000, 0x0000000747000000, 0x0000000747000000|100%| E|CS|TAMS 0x0000000746f00000, 0x0000000747000000| Complete 
| 100|0x0000000747000000, 0x0000000747100000, 0x0000000747100000|100%| E|CS|TAMS 0x0000000747000000, 0x0000000747100000| Complete 
| 101|0x0000000747100000, 0x0000000747200000, 0x0000000747200000|100%| E|CS|TAMS 0x0000000747100000, 0x0000000747200000| Complete 
| 102|0x0000000747200000, 0x0000000747300000, 0x0000000747300000|100%| E|CS|TAMS 0x0000000747200000, 0x0000000747300000| Complete 
| 103|0x0000000747300000, 0x0000000747400000, 0x0000000747400000|100%| E|CS|TAMS 0x0000000747300000, 0x0000000747400000| Complete 
| 104|0x0000000747400000, 0x0000000747500000, 0x0000000747500000|100%| E|CS|TAMS 0x0000000747400000, 0x0000000747500000| Complete 
| 105|0x0000000747500000, 0x0000000747600000, 0x0000000747600000|100%| E|CS|TAMS 0x0000000747500000, 0x0000000747600000| Complete 
| 106|0x0000000747600000, 0x0000000747700000, 0x0000000747700000|100%| E|CS|TAMS 0x0000000747600000, 0x0000000747700000| Complete 
| 107|0x0000000747700000, 0x0000000747800000, 0x0000000747800000|100%| E|CS|TAMS 0x0000000747700000, 0x0000000747800000| Complete 
| 108|0x0000000747800000, 0x0000000747900000, 0x0000000747900000|100%| E|CS|TAMS 0x0000000747800000, 0x0000000747900000| Complete 
| 109|0x0000000747900000, 0x0000000747a00000, 0x0000000747a00000|100%| E|CS|TAMS 0x0000000747900000, 0x0000000747a00000| Complete 
| 110|0x0000000747a00000, 0x0000000747b00000, 0x0000000747b00000|100%| E|CS|TAMS 0x0000000747a00000, 0x0000000747b00000| Complete 
| 111|0x0000000747b00000, 0x0000000747c00000, 0x0000000747c00000|100%| E|CS|TAMS 0x0000000747b00000, 0x0000000747c00000| Complete 
| 112|0x0000000747c00000, 0x0000000747d00000, 0x0000000747d00000|100%| E|CS|TAMS 0x0000000747c00000, 0x0000000747d00000| Complete 
| 113|0x0000000747d00000, 0x0000000747e00000, 0x0000000747e00000|100%| E|CS|TAMS 0x0000000747d00000, 0x0000000747e00000| Complete 
| 114|0x0000000747e00000, 0x0000000747f00000, 0x0000000747f00000|100%| E|CS|TAMS 0x0000000747e00000, 0x0000000747f00000| Complete 
| 115|0x0000000747f00000, 0x0000000748000000, 0x0000000748000000|100%| E|CS|TAMS 0x0000000747f00000, 0x0000000748000000| Complete 
| 116|0x0000000748000000, 0x0000000748100000, 0x0000000748100000|100%| E|CS|TAMS 0x0000000748000000, 0x0000000748100000| Complete 
| 117|0x0000000748100000, 0x0000000748200000, 0x0000000748200000|100%| E|CS|TAMS 0x0000000748100000, 0x0000000748200000| Complete 
| 118|0x0000000748200000, 0x0000000748300000, 0x0000000748300000|100%| E|CS|TAMS 0x0000000748200000, 0x0000000748300000| Complete 
| 119|0x0000000748300000, 0x0000000748400000, 0x0000000748400000|100%| E|CS|TAMS 0x0000000748300000, 0x0000000748400000| Complete 
| 120|0x0000000748400000, 0x0000000748500000, 0x0000000748500000|100%| E|CS|TAMS 0x0000000748400000, 0x0000000748500000| Complete 
| 121|0x0000000748500000, 0x0000000748600000, 0x0000000748600000|100%| E|CS|TAMS 0x0000000748500000, 0x0000000748600000| Complete 
| 122|0x0000000748600000, 0x0000000748700000, 0x0000000748700000|100%| E|CS|TAMS 0x0000000748600000, 0x0000000748700000| Complete 
| 123|0x0000000748700000, 0x0000000748800000, 0x0000000748800000|100%| E|CS|TAMS 0x0000000748700000, 0x0000000748800000| Complete 
| 124|0x0000000748800000, 0x0000000748900000, 0x0000000748900000|100%| E|CS|TAMS 0x0000000748800000, 0x0000000748900000| Complete 
| 125|0x0000000748900000, 0x0000000748a00000, 0x0000000748a00000|100%| E|CS|TAMS 0x0000000748900000, 0x0000000748a00000| Complete 
| 126|0x0000000748a00000, 0x0000000748b00000, 0x0000000748b00000|100%| E|CS|TAMS 0x0000000748a00000, 0x0000000748b00000| Complete 
| 127|0x0000000748b00000, 0x0000000748c00000, 0x0000000748c00000|100%| E|CS|TAMS 0x0000000748b00000, 0x0000000748c00000| Complete 
| 128|0x0000000748c00000, 0x0000000748d00000, 0x0000000748d00000|100%| E|CS|TAMS 0x0000000748c00000, 0x0000000748d00000| Complete 
| 129|0x0000000748d00000, 0x0000000748e00000, 0x0000000748e00000|100%| E|CS|TAMS 0x0000000748d00000, 0x0000000748e00000| Complete 
| 130|0x0000000748e00000, 0x0000000748f00000, 0x0000000748f00000|100%| E|CS|TAMS 0x0000000748e00000, 0x0000000748f00000| Complete 
| 131|0x0000000748f00000, 0x0000000749000000, 0x0000000749000000|100%| E|CS|TAMS 0x0000000748f00000, 0x0000000749000000| Complete 
| 132|0x0000000749000000, 0x0000000749100000, 0x0000000749100000|100%| E|CS|TAMS 0x0000000749000000, 0x0000000749100000| Complete 
| 133|0x0000000749100000, 0x0000000749200000, 0x0000000749200000|100%| E|CS|TAMS 0x0000000749100000, 0x0000000749200000| Complete 
| 134|0x0000000749200000, 0x0000000749300000, 0x0000000749300000|100%| E|CS|TAMS 0x0000000749200000, 0x0000000749300000| Complete 
| 135|0x0000000749300000, 0x0000000749400000, 0x0000000749400000|100%| E|CS|TAMS 0x0000000749300000, 0x0000000749400000| Complete 
| 136|0x0000000749400000, 0x0000000749500000, 0x0000000749500000|100%| E|CS|TAMS 0x0000000749400000, 0x0000000749500000| Complete 
| 137|0x0000000749500000, 0x0000000749600000, 0x0000000749600000|100%| E|CS|TAMS 0x0000000749500000, 0x0000000749600000| Complete 
| 138|0x0000000749600000, 0x0000000749700000, 0x0000000749700000|100%| E|CS|TAMS 0x0000000749600000, 0x0000000749700000| Complete 
| 139|0x0000000749700000, 0x0000000749800000, 0x0000000749800000|100%| E|CS|TAMS 0x0000000749700000, 0x0000000749800000| Complete 
| 140|0x0000000749800000, 0x0000000749900000, 0x0000000749900000|100%| E|CS|TAMS 0x0000000749800000, 0x0000000749900000| Complete 
| 141|0x0000000749900000, 0x0000000749a00000, 0x0000000749a00000|100%| E|CS|TAMS 0x0000000749900000, 0x0000000749a00000| Complete 
| 142|0x0000000749a00000, 0x0000000749b00000, 0x0000000749b00000|100%| E|CS|TAMS 0x0000000749a00000, 0x0000000749b00000| Complete 
| 143|0x0000000749b00000, 0x0000000749c00000, 0x0000000749c00000|100%| E|CS|TAMS 0x0000000749b00000, 0x0000000749c00000| Complete 
| 144|0x0000000749c00000, 0x0000000749d00000, 0x0000000749d00000|100%| E|CS|TAMS 0x0000000749c00000, 0x0000000749d00000| Complete 
| 145|0x0000000749d00000, 0x0000000749e00000, 0x0000000749e00000|100%| E|CS|TAMS 0x0000000749d00000, 0x0000000749e00000| Complete 
| 146|0x0000000749e00000, 0x0000000749f00000, 0x0000000749f00000|100%| E|CS|TAMS 0x0000000749e00000, 0x0000000749f00000| Complete 
| 147|0x0000000749f00000, 0x000000074a000000, 0x000000074a000000|100%| E|CS|TAMS 0x0000000749f00000, 0x000000074a000000| Complete 
| 148|0x000000074a000000, 0x000000074a100000, 0x000000074a100000|100%| E|CS|TAMS 0x000000074a000000, 0x000000074a100000| Complete 
| 149|0x000000074a100000, 0x000000074a200000, 0x000000074a200000|100%| E|CS|TAMS 0x000000074a100000, 0x000000074a200000| Complete 
| 150|0x000000074a200000, 0x000000074a300000, 0x000000074a300000|100%| E|CS|TAMS 0x000000074a200000, 0x000000074a300000| Complete 
| 151|0x000000074a300000, 0x000000074a400000, 0x000000074a400000|100%| E|CS|TAMS 0x000000074a300000, 0x000000074a400000| Complete 
| 152|0x000000074a400000, 0x000000074a500000, 0x000000074a500000|100%| E|CS|TAMS 0x000000074a400000, 0x000000074a500000| Complete 
| 153|0x000000074a500000, 0x000000074a600000, 0x000000074a600000|100%| E|CS|TAMS 0x000000074a500000, 0x000000074a600000| Complete 
| 154|0x000000074a600000, 0x000000074a700000, 0x000000074a700000|100%| E|CS|TAMS 0x000000074a600000, 0x000000074a700000| Complete 
| 155|0x000000074a700000, 0x000000074a800000, 0x000000074a800000|100%| E|CS|TAMS 0x000000074a700000, 0x000000074a800000| Complete 
| 156|0x000000074a800000, 0x000000074a900000, 0x000000074a900000|100%| E|CS|TAMS 0x000000074a800000, 0x000000074a900000| Complete 
| 157|0x000000074a900000, 0x000000074aa00000, 0x000000074aa00000|100%| E|CS|TAMS 0x000000074a900000, 0x000000074aa00000| Complete 
| 158|0x000000074aa00000, 0x000000074ab00000, 0x000000074ab00000|100%| E|CS|TAMS 0x000000074aa00000, 0x000000074ab00000| Complete 
| 159|0x000000074ab00000, 0x000000074ac00000, 0x000000074ac00000|100%| E|CS|TAMS 0x000000074ab00000, 0x000000074ac00000| Complete 
| 160|0x000000074ac00000, 0x000000074ad00000, 0x000000074ad00000|100%| E|CS|TAMS 0x000000074ac00000, 0x000000074ad00000| Complete 
| 161|0x000000074ad00000, 0x000000074ae00000, 0x000000074ae00000|100%| E|CS|TAMS 0x000000074ad00000, 0x000000074ae00000| Complete 
| 162|0x000000074ae00000, 0x000000074af00000, 0x000000074af00000|100%| E|CS|TAMS 0x000000074ae00000, 0x000000074af00000| Complete 
| 163|0x000000074af00000, 0x000000074b000000, 0x000000074b000000|100%| E|CS|TAMS 0x000000074af00000, 0x000000074b000000| Complete 
| 164|0x000000074b000000, 0x000000074b100000, 0x000000074b100000|100%| E|CS|TAMS 0x000000074b000000, 0x000000074b100000| Complete 
| 165|0x000000074b100000, 0x000000074b200000, 0x000000074b200000|100%| E|CS|TAMS 0x000000074b100000, 0x000000074b200000| Complete 
| 166|0x000000074b200000, 0x000000074b300000, 0x000000074b300000|100%| E|CS|TAMS 0x000000074b200000, 0x000000074b300000| Complete 
| 167|0x000000074b300000, 0x000000074b400000, 0x000000074b400000|100%| E|CS|TAMS 0x000000074b300000, 0x000000074b400000| Complete 
| 168|0x000000074b400000, 0x000000074b500000, 0x000000074b500000|100%| E|CS|TAMS 0x000000074b400000, 0x000000074b500000| Complete 
| 169|0x000000074b500000, 0x000000074b600000, 0x000000074b600000|100%| E|CS|TAMS 0x000000074b500000, 0x000000074b600000| Complete 
| 170|0x000000074b600000, 0x000000074b700000, 0x000000074b700000|100%| E|CS|TAMS 0x000000074b600000, 0x000000074b700000| Complete 
| 171|0x000000074b700000, 0x000000074b800000, 0x000000074b800000|100%| E|CS|TAMS 0x000000074b700000, 0x000000074b800000| Complete 
| 172|0x000000074b800000, 0x000000074b900000, 0x000000074b900000|100%| E|CS|TAMS 0x000000074b800000, 0x000000074b900000| Complete 
| 173|0x000000074b900000, 0x000000074ba00000, 0x000000074ba00000|100%| E|CS|TAMS 0x000000074b900000, 0x000000074ba00000| Complete 
| 174|0x000000074ba00000, 0x000000074bb00000, 0x000000074bb00000|100%| E|CS|TAMS 0x000000074ba00000, 0x000000074bb00000| Complete 
| 175|0x000000074bb00000, 0x000000074bc00000, 0x000000074bc00000|100%| E|CS|TAMS 0x000000074bb00000, 0x000000074bc00000| Complete 
| 176|0x000000074bc00000, 0x000000074bd00000, 0x000000074bd00000|100%| E|CS|TAMS 0x000000074bc00000, 0x000000074bd00000| Complete 
| 177|0x000000074bd00000, 0x000000074be00000, 0x000000074be00000|100%| E|CS|TAMS 0x000000074bd00000, 0x000000074be00000| Complete 
| 178|0x000000074be00000, 0x000000074bf00000, 0x000000074bf00000|100%| E|CS|TAMS 0x000000074be00000, 0x000000074bf00000| Complete 
| 179|0x000000074bf00000, 0x000000074c000000, 0x000000074c000000|100%| E|CS|TAMS 0x000000074bf00000, 0x000000074c000000| Complete 
| 180|0x000000074c000000, 0x000000074c100000, 0x000000074c100000|100%| E|CS|TAMS 0x000000074c000000, 0x000000074c100000| Complete 
| 181|0x000000074c100000, 0x000000074c200000, 0x000000074c200000|100%| E|CS|TAMS 0x000000074c100000, 0x000000074c200000| Complete 
| 182|0x000000074c200000, 0x000000074c300000, 0x000000074c300000|100%| E|CS|TAMS 0x000000074c200000, 0x000000074c300000| Complete 
| 183|0x000000074c300000, 0x000000074c400000, 0x000000074c400000|100%| E|CS|TAMS 0x000000074c300000, 0x000000074c400000| Complete 
| 184|0x000000074c400000, 0x000000074c500000, 0x000000074c500000|100%| E|CS|TAMS 0x000000074c400000, 0x000000074c500000| Complete 
| 185|0x000000074c500000, 0x000000074c600000, 0x000000074c600000|100%| E|CS|TAMS 0x000000074c500000, 0x000000074c600000| Complete 
| 186|0x000000074c600000, 0x000000074c700000, 0x000000074c700000|100%| E|CS|TAMS 0x000000074c600000, 0x000000074c700000| Complete 
| 187|0x000000074c700000, 0x000000074c800000, 0x000000074c800000|100%| E|CS|TAMS 0x000000074c700000, 0x000000074c800000| Complete 
| 188|0x000000074c800000, 0x000000074c900000, 0x000000074c900000|100%| E|CS|TAMS 0x000000074c800000, 0x000000074c900000| Complete 
| 189|0x000000074c900000, 0x000000074ca00000, 0x000000074ca00000|100%| E|CS|TAMS 0x000000074c900000, 0x000000074ca00000| Complete 
| 190|0x000000074ca00000, 0x000000074cb00000, 0x000000074cb00000|100%| E|CS|TAMS 0x000000074ca00000, 0x000000074cb00000| Complete 
| 191|0x000000074cb00000, 0x000000074cc00000, 0x000000074cc00000|100%| E|CS|TAMS 0x000000074cb00000, 0x000000074cc00000| Complete 

Card table byte_map: [0x000001f3b5e90000,0x000001f3b6490000] _byte_map_base: 0x000001f3b248a000

Marking Bits (Prev, Next): (CMBitMap*) 0x000001f39e5ec950, (CMBitMap*) 0x000001f39e5ec918
 Prev Bits: [0x000001f3b9a60000, 0x000001f3bca30000)
 Next Bits: [0x000001f3b6a90000, 0x000001f3b9a60000)

Polling page: 0x000001f39c350000

Metaspace:

Usage:
  Non-class:     30.25 MB capacity,    29.55 MB ( 98%) used,   583.46 KB (  2%) free+waste,   129.38 KB ( <1%) overhead. 
      Class:      4.75 MB capacity,     4.33 MB ( 91%) used,   366.12 KB (  8%) free+waste,    63.94 KB (  1%) overhead. 
       Both:     34.99 MB capacity,    33.88 MB ( 97%) used,   949.58 KB (  3%) free+waste,   193.31 KB ( <1%) overhead. 

Virtual space:
  Non-class space:       32.00 MB reserved,      30.33 MB ( 95%) committed 
      Class space:        1.00 GB reserved,       4.75 MB ( <1%) committed 
             Both:        1.03 GB reserved,      35.08 MB (  3%) committed 

Chunk freelists:
   Non-Class:  6.50 KB
       Class:  640 bytes
        Both:  7.13 KB

CodeHeap 'non-profiled nmethods': size=238912Kb used=6968Kb max_used=6968Kb free=231943Kb
 bounds [0x000001f3a6f40000, 0x000001f3a7610000, 0x000001f3b5890000]
CodeHeap 'non-nmethods': size=6848Kb used=2373Kb max_used=2373Kb free=4475Kb
 bounds [0x000001f3a6890000, 0x000001f3a6b00000, 0x000001f3a6f40000]
 total_blobs=4458 nmethods=3954 adapters=420
 compilation: enabled
              stopped_count=0, restarted_count=0
 full_count=0

Compilation events (10 events):
Event: 8.452 Thread 0x000001f3bf93d800 nmethod 3950 0x000001f3a760ab90 code [0x000001f3a760ad60, 0x000001f3a760aee0]
Event: 8.452 Thread 0x000001f3bf7b4800 3951       1       java.lang.invoke.SimpleMethodHandle::speciesData (4 bytes)
Event: 8.452 Thread 0x000001f3bf93d800 3952       1       java.lang.invoke.SimpleMethodHandle::copyWithExtendL (7 bytes)
Event: 8.452 Thread 0x000001f3bf7b4800 nmethod 3951 0x000001f3a760af90 code [0x000001f3a760b140, 0x000001f3a760b258]
Event: 8.452 Thread 0x000001f3bf93d800 nmethod 3952 0x000001f3a760b310 code [0x000001f3a760b4c0, 0x000001f3a760b710]
Event: 8.452 Thread 0x000001f3bf7b4800 3953       1       java.lang.invoke.BoundMethodHandle::bindSingle (7 bytes)
Event: 8.452 Thread 0x000001f3bf7b4800 nmethod 3953 0x000001f3a760b810 code [0x000001f3a760b9c0, 0x000001f3a760bbd0]
Event: 8.453 Thread 0x000001f3bf93c800 nmethod 3949 0x000001f3a760bc90 code [0x000001f3a760bfa0, 0x000001f3a760d050]
Event: 8.481 Thread 0x000001f3bf93d800 3954       1       org.springframework.core.MethodParameter::<init> (30 bytes)
Event: 8.482 Thread 0x000001f3bf93d800 nmethod 3954 0x000001f3a760da10 code [0x000001f3a760dc00, 0x000001f3a760e030]

GC Heap History (10 events):
Event: 3.308 GC heap after
{Heap after GC invocations=2 (full 0):
 garbage-first heap   total 196608K, used 7820K [0x0000000740c00000, 0x0000000800000000)
  region size 1024K, 1 young (1024K), 1 survivors (1024K)
 Metaspace       used 12520K, capacity 12832K, committed 12928K, reserved 1060864K
  class space    used 1285K, capacity 1404K, committed 1408K, reserved 1048576K
}
Event: 3.889 GC heap before
{Heap before GC invocations=2 (full 0):
 garbage-first heap   total 196608K, used 31372K [0x0000000740c00000, 0x0000000800000000)
  region size 1024K, 25 young (25600K), 1 survivors (1024K)
 Metaspace       used 17053K, capacity 17582K, committed 17792K, reserved 1064960K
  class space    used 1865K, capacity 2070K, committed 2176K, reserved 1048576K
}
Event: 3.894 GC heap after
{Heap after GC invocations=3 (full 0):
 garbage-first heap   total 196608K, used 9357K [0x0000000740c00000, 0x0000000800000000)
  region size 1024K, 3 young (3072K), 3 survivors (3072K)
 Metaspace       used 17053K, capacity 17582K, committed 17792K, reserved 1064960K
  class space    used 1865K, capacity 2070K, committed 2176K, reserved 1048576K
}
Event: 4.405 GC heap before
{Heap before GC invocations=3 (full 0):
 garbage-first heap   total 196608K, used 31885K [0x0000000740c00000, 0x0000000800000000)
  region size 1024K, 27 young (27648K), 3 survivors (3072K)
 Metaspace       used 20555K, capacity 21138K, committed 21296K, reserved 1069056K
  class space    used 2366K, capacity 2620K, committed 2688K, reserved 1048576K
}
Event: 4.417 GC heap after
{Heap after GC invocations=4 (full 0):
 garbage-first heap   total 196608K, used 10368K [0x0000000740c00000, 0x0000000800000000)
  region size 1024K, 4 young (4096K), 4 survivors (4096K)
 Metaspace       used 20555K, capacity 21138K, committed 21296K, reserved 1069056K
  class space    used 2366K, capacity 2620K, committed 2688K, reserved 1048576K
}
Event: 4.894 GC heap before
{Heap before GC invocations=5 (full 0):
 garbage-first heap   total 196608K, used 51328K [0x0000000740c00000, 0x0000000800000000)
  region size 1024K, 45 young (46080K), 4 survivors (4096K)
 Metaspace       used 24154K, capacity 24889K, committed 25008K, reserved 1071104K
  class space    used 2970K, capacity 3265K, committed 3328K, reserved 1048576K
}
Event: 4.902 GC heap after
{Heap after GC invocations=6 (full 0):
 garbage-first heap   total 196608K, used 11830K [0x0000000740c00000, 0x0000000800000000)
  region size 1024K, 4 young (4096K), 4 survivors (4096K)
 Metaspace       used 24154K, capacity 24889K, committed 25008K, reserved 1071104K
  class space    used 2970K, capacity 3265K, committed 3328K, reserved 1048576K
}
Event: 6.346 GC heap before
{Heap before GC invocations=6 (full 0):
 garbage-first heap   total 196608K, used 101942K [0x0000000740c00000, 0x0000000800000000)
  region size 1024K, 94 young (96256K), 4 survivors (4096K)
 Metaspace       used 27545K, capacity 28462K, committed 28592K, reserved 1075200K
  class space    used 3392K, capacity 3763K, committed 3840K, reserved 1048576K
}
Event: 6.356 GC heap after
{Heap after GC invocations=7 (full 0):
 garbage-first heap   total 196608K, used 14230K [0x0000000740c00000, 0x0000000800000000)
  region size 1024K, 7 young (7168K), 7 survivors (7168K)
 Metaspace       used 27545K, capacity 28462K, committed 28592K, reserved 1075200K
  class space    used 3392K, capacity 3763K, committed 3840K, reserved 1048576K
}
Event: 8.496 GC heap before
{Heap before GC invocations=7 (full 0):
 garbage-first heap   total 196608K, used 116630K [0x0000000740c00000, 0x0000000800000000)
  region size 1024K, 109 young (111616K), 7 survivors (7168K)
 Metaspace       used 34688K, capacity 35831K, committed 35920K, reserved 1081344K
  class space    used 4428K, capacity 4859K, committed 4864K, reserved 1048576K
}

Deoptimization events (0 events):
No events

Classes redefined (0 events):
No events

Internal exceptions (10 events):
Event: 8.344 Thread 0x000001f39e59d800 Exception <a 'java/lang/ClassNotFoundException'{0x00000007465fa130}: org/springframework/beans/factory/BeanFactoryAwareCustomizer> (0x00000007465fa130) thrown at [t:/workspace/open/src/hotspot/share/classfile/systemDictionary.cpp, line 231]
Event: 8.345 Thread 0x000001f39e59d800 Exception <a 'java/lang/ClassNotFoundException'{0x000000074640bd80}: org/springframework/beans/factory/AwareCustomizer> (0x000000074640bd80) thrown at [t:/workspace/open/src/hotspot/share/classfile/systemDictionary.cpp, line 231]
Event: 8.372 Thread 0x000001f39e59d800 Exception <a 'java/lang/ClassNotFoundException'{0x0000000746310f60}: java/lang/ObjectCustomizer> (0x0000000746310f60) thrown at [t:/workspace/open/src/hotspot/share/classfile/systemDictionary.cpp, line 231]
Event: 8.373 Thread 0x000001f39e59d800 Exception <a 'java/lang/ClassNotFoundException'{0x0000000746326218}: org/springframework/aop/support/AbstractPointcutAdvisorCustomizer> (0x0000000746326218) thrown at [t:/workspace/open/src/hotspot/share/classfile/systemDictionary.cpp, line 231]
Event: 8.374 Thread 0x000001f39e59d800 Exception <a 'java/lang/ClassNotFoundException'{0x0000000746341d60}: org/springframework/security/access/intercept/aopalliance/MethodSecurityMetadataSourceAdvisorCustomizer> (0x0000000746341d60) thrown at [t:/workspace/open/src/hotspot/share/classfile/sys
Event: 8.376 Thread 0x000001f39e59d800 Exception <a 'java/lang/ClassNotFoundException'{0x000000074635af38}: org/springframework/beans/factory/BeanFactoryAwareCustomizer> (0x000000074635af38) thrown at [t:/workspace/open/src/hotspot/share/classfile/systemDictionary.cpp, line 231]
Event: 8.377 Thread 0x000001f39e59d800 Exception <a 'java/lang/ClassNotFoundException'{0x000000074636beb0}: org/springframework/beans/factory/AwareCustomizer> (0x000000074636beb0) thrown at [t:/workspace/open/src/hotspot/share/classfile/systemDictionary.cpp, line 231]
Event: 8.378 Thread 0x000001f39e59d800 Exception <a 'java/lang/ClassNotFoundException'{0x000000074637bb70}: org/springframework/aop/PointcutAdvisorCustomizer> (0x000000074637bb70) thrown at [t:/workspace/open/src/hotspot/share/classfile/systemDictionary.cpp, line 231]
Event: 8.379 Thread 0x000001f39e59d800 Exception <a 'java/lang/ClassNotFoundException'{0x000000074638ba68}: org/springframework/aop/AdvisorCustomizer> (0x000000074638ba68) thrown at [t:/workspace/open/src/hotspot/share/classfile/systemDictionary.cpp, line 231]
Event: 8.380 Thread 0x000001f39e59d800 Exception <a 'java/lang/ClassNotFoundException'{0x000000074639c550}: org/springframework/core/OrderedCustomizer> (0x000000074639c550) thrown at [t:/workspace/open/src/hotspot/share/classfile/systemDictionary.cpp, line 231]

Events (10 events):
Event: 8.490 loading class org/apache/tomcat/ContextBind done
Event: 8.493 loading class org/apache/catalina/core/ContainerBase
Event: 8.493 loading class org/apache/catalina/core/ContainerBase done
Event: 8.494 loading class org/apache/catalina/util/LifecycleMBeanBase
Event: 8.494 loading class org/apache/catalina/util/LifecycleMBeanBase done
Event: 8.494 loading class org/apache/catalina/JmxEnabled
Event: 8.494 loading class org/apache/catalina/JmxEnabled done
Event: 8.495 loading class org/apache/catalina/util/LifecycleBase
Event: 8.495 loading class org/apache/catalina/util/LifecycleBase done
Event: 8.496 Executing VM operation: CollectForMetadataAllocation


Dynamic libraries:
0x00007ff737a70000 - 0x00007ff737ab5000 	D:\Download\jdk-11.0.1\bin\java.exe
0x00007ffa9fe00000 - 0x00007ffa9fff0000 	C:\WINDOWS\SYSTEM32\ntdll.dll
0x00007ffa9fbc0000 - 0x00007ffa9fc72000 	C:\WINDOWS\System32\KERNEL32.DLL
0x00007ffa9d430000 - 0x00007ffa9d6d5000 	C:\WINDOWS\System32\KERNELBASE.dll
0x00007ffa9f250000 - 0x00007ffa9f3e4000 	C:\WINDOWS\System32\USER32.dll
0x00007ffa9ce10000 - 0x00007ffa9ce31000 	C:\WINDOWS\System32\win32u.dll
0x00007ffa9df50000 - 0x00007ffa9df76000 	C:\WINDOWS\System32\GDI32.dll
0x00007ffa9cef0000 - 0x00007ffa9d088000 	C:\WINDOWS\System32\gdi32full.dll
0x00007ffa9cd70000 - 0x00007ffa9ce0e000 	C:\WINDOWS\System32\msvcp_win.dll
0x00007ffa9d0c0000 - 0x00007ffa9d1ba000 	C:\WINDOWS\System32\ucrtbase.dll
0x00007ffa728e0000 - 0x00007ffa72b64000 	C:\WINDOWS\WinSxS\amd64_microsoft.windows.common-controls_6595b64144ccf1df_6.0.18362.1440_none_9e7dbfb9e45e8e67\COMCTL32.dll
0x00007ffa9fb20000 - 0x00007ffa9fbbe000 	C:\WINDOWS\System32\msvcrt.dll
0x00007ffa9f3f0000 - 0x00007ffa9f726000 	C:\WINDOWS\System32\combase.dll
0x00007ffa9dfe0000 - 0x00007ffa9e0ff000 	C:\WINDOWS\System32\RPCRT4.dll
0x00007ffa9ce40000 - 0x00007ffa9cec1000 	C:\WINDOWS\System32\bcryptPrimitives.dll
0x00007ffa9fce0000 - 0x00007ffa9fd0e000 	C:\WINDOWS\System32\IMM32.DLL
0x00007ffa98e60000 - 0x00007ffa98e76000 	D:\Download\jdk-11.0.1\bin\vcruntime140.dll
0x00007ffa96160000 - 0x00007ffa9620a000 	D:\Download\jdk-11.0.1\bin\msvcp140.dll
0x00007ffa56590000 - 0x00007ffa570d1000 	D:\Download\jdk-11.0.1\bin\server\jvm.dll
0x00007ffa9f880000 - 0x00007ffa9f923000 	C:\WINDOWS\System32\ADVAPI32.dll
0x00007ffa9deb0000 - 0x00007ffa9df47000 	C:\WINDOWS\System32\sechost.dll
0x00007ffa9fa80000 - 0x00007ffa9fa88000 	C:\WINDOWS\System32\PSAPI.DLL
0x00007ffa87a50000 - 0x00007ffa87a59000 	C:\WINDOWS\SYSTEM32\WSOCK32.dll
0x00007ffa99980000 - 0x00007ffa999a4000 	C:\WINDOWS\SYSTEM32\WINMM.dll
0x00007ffa9f810000 - 0x00007ffa9f87f000 	C:\WINDOWS\System32\WS2_32.dll
0x00007ffa8edc0000 - 0x00007ffa8edca000 	C:\WINDOWS\SYSTEM32\VERSION.dll
0x00007ffa99950000 - 0x00007ffa9997d000 	C:\WINDOWS\SYSTEM32\WINMMBASE.dll
0x00007ffa9de60000 - 0x00007ffa9deaa000 	C:\WINDOWS\System32\cfgmgr32.dll
0x00007ffa9ccc0000 - 0x00007ffa9ccd1000 	C:\WINDOWS\System32\kernel.appcore.dll
0x00007ffa98e40000 - 0x00007ffa98e51000 	D:\Download\jdk-11.0.1\bin\verify.dll
0x00007ffa83f50000 - 0x00007ffa84144000 	C:\WINDOWS\SYSTEM32\DBGHELP.DLL
0x00007ffa84b70000 - 0x00007ffa84b9a000 	C:\WINDOWS\SYSTEM32\dbgcore.DLL
0x00007ffa97550000 - 0x00007ffa97578000 	D:\Download\jdk-11.0.1\bin\java.dll
0x00007ffa96310000 - 0x00007ffa96347000 	D:\Download\jdk-11.0.1\bin\jdwp.dll
0x00007ffa86580000 - 0x00007ffa865af000 	D:\Download\jdk-11.0.1\bin\instrument.dll
0x00007ffa98de0000 - 0x00007ffa98df6000 	D:\Download\jdk-11.0.1\bin\zip.dll
0x00007ffa97540000 - 0x00007ffa9754a000 	D:\Download\jdk-11.0.1\bin\jimage.dll
0x00007ffa9e410000 - 0x00007ffa9eaf8000 	C:\WINDOWS\System32\SHELL32.dll
0x00007ffa9eb00000 - 0x00007ffa9eba7000 	C:\WINDOWS\System32\shcore.dll
0x00007ffa9d6e0000 - 0x00007ffa9de5b000 	C:\WINDOWS\System32\windows.storage.dll
0x00007ffa9cce0000 - 0x00007ffa9ccfe000 	C:\WINDOWS\System32\profapi.dll
0x00007ffa9cd20000 - 0x00007ffa9cd6a000 	C:\WINDOWS\System32\powrprof.dll
0x00007ffa9ccb0000 - 0x00007ffa9ccc0000 	C:\WINDOWS\System32\UMPDC.dll
0x00007ffa9df80000 - 0x00007ffa9dfd2000 	C:\WINDOWS\System32\shlwapi.dll
0x00007ffa9ced0000 - 0x00007ffa9cee7000 	C:\WINDOWS\System32\cryptsp.dll
0x00007ffa962e0000 - 0x00007ffa962ea000 	D:\Download\jdk-11.0.1\bin\dt_socket.dll
0x00007ffa9c490000 - 0x00007ffa9c4f7000 	C:\WINDOWS\system32\mswsock.dll
0x00007ffa97520000 - 0x00007ffa97539000 	D:\Download\jdk-11.0.1\bin\net.dll
0x00007ffa97660000 - 0x00007ffa9775a000 	C:\WINDOWS\SYSTEM32\WINHTTP.dll
0x00007ffa96280000 - 0x00007ffa96293000 	D:\Download\jdk-11.0.1\bin\nio.dll
0x00007ffa9c1e0000 - 0x00007ffa9c2ab000 	C:\WINDOWS\SYSTEM32\DNSAPI.dll
0x00007ffa9f0a0000 - 0x00007ffa9f0a8000 	C:\WINDOWS\System32\NSI.dll
0x00007ffa9c1a0000 - 0x00007ffa9c1da000 	C:\WINDOWS\SYSTEM32\IPHLPAPI.DLL
0x00007ffa8fa50000 - 0x00007ffa8fa5a000 	C:\Windows\System32\rasadhlp.dll
0x00007ffa94960000 - 0x00007ffa949d7000 	C:\WINDOWS\System32\fwpuclnt.dll
0x00007ffa9d090000 - 0x00007ffa9d0b6000 	C:\WINDOWS\System32\bcrypt.dll
0x00007ffa96130000 - 0x00007ffa96139000 	D:\Download\jdk-11.0.1\bin\management.dll
0x00007ffa95eb0000 - 0x00007ffa95ebc000 	D:\Download\jdk-11.0.1\bin\management_ext.dll
0x00007ffa9c010000 - 0x00007ffa9c043000 	C:\WINDOWS\system32\rsaenh.dll
0x00007ffa9cb90000 - 0x00007ffa9cbb5000 	C:\WINDOWS\SYSTEM32\USERENV.dll
0x00007ffa9c660000 - 0x00007ffa9c66c000 	C:\WINDOWS\SYSTEM32\CRYPTBASE.dll
0x00007ffa95380000 - 0x00007ffa95396000 	C:\WINDOWS\SYSTEM32\dhcpcsvc6.DLL
0x00007ffa95b00000 - 0x00007ffa95b1c000 	C:\WINDOWS\SYSTEM32\dhcpcsvc.DLL
0x00007ffa490d0000 - 0x00007ffa490e6000 	C:\WINDOWS\system32\napinsp.dll
0x00007ffa490b0000 - 0x00007ffa490ca000 	C:\WINDOWS\system32\pnrpnsp.dll
0x00007ffa490a0000 - 0x00007ffa490ae000 	C:\WINDOWS\System32\winrnr.dll
0x00007ffa994e0000 - 0x00007ffa994fc000 	C:\WINDOWS\system32\NLAapi.dll
0x00007ffa7e560000 - 0x00007ffa7e575000 	C:\WINDOWS\system32\wshbth.dll

dbghelp: loaded successfully - version: 4.0.5 - missing functions: none
symbol engine: initialized successfully - sym options: 0x614 - pdb path: .;D:\Download\jdk-11.0.1\bin;C:\WINDOWS\SYSTEM32;C:\WINDOWS\WinSxS\amd64_microsoft.windows.common-controls_6595b64144ccf1df_6.0.18362.1440_none_9e7dbfb9e45e8e67;D:\Download\jdk-11.0.1\bin\server

VM Arguments:
jvm_args: -agentlib:jdwp=transport=dt_socket,address=127.0.0.1:58881,suspend=y,server=n -XX:TieredStopAtLevel=1 -Xverify:none -Dspring.output.ansi.enabled=always -javaagent:C:\Users\Sony\AppData\Local\JetBrains\IntelliJIdea2020.3\captureAgent\debugger-agent.jar -Dcom.sun.management.jmxremote -Dspring.jmx.enabled=true -Dspring.liveBeansView.mbeanDomain -Dspring.application.admin.enabled=true -Dfile.encoding=UTF-8 
java_command: com.example.demo.DemoApplication
java_class_path (initial): D:\Summer\Back_end\JWT_Course\capstone_v1\target\classes;C:\Users\Sony\.m2\repository\org\springframework\boot\spring-boot-starter-data-jpa\2.4.2\spring-boot-starter-data-jpa-2.4.2.jar;C:\Users\Sony\.m2\repository\org\springframework\boot\spring-boot-starter-aop\2.4.2\spring-boot-starter-aop-2.4.2.jar;C:\Users\Sony\.m2\repository\org\aspectj\aspectjweaver\1.9.6\aspectjweaver-1.9.6.jar;C:\Users\Sony\.m2\repository\org\springframework\boot\spring-boot-starter-jdbc\2.4.2\spring-boot-starter-jdbc-2.4.2.jar;C:\Users\Sony\.m2\repository\com\zaxxer\HikariCP\3.4.5\HikariCP-3.4.5.jar;C:\Users\Sony\.m2\repository\org\springframework\spring-jdbc\5.3.3\spring-jdbc-5.3.3.jar;C:\Users\Sony\.m2\repository\jakarta\transaction\jakarta.transaction-api\1.3.3\jakarta.transaction-api-1.3.3.jar;C:\Users\Sony\.m2\repository\jakarta\persistence\jakarta.persistence-api\2.2.3\jakarta.persistence-api-2.2.3.jar;C:\Users\Sony\.m2\repository\org\hibernate\hibernate-core\5.4.27.Final\hibernate-core-5.4.27.Final.jar;C:\Users\Sony\.m2\repository\org\jboss\logging\jboss-logging\3.4.1.Final\jboss-logging-3.4.1.Final.jar;C:\Users\Sony\.m2\repository\org\javassist\javassist\3.27.0-GA\javassist-3.27.0-GA.jar;C:\Users\Sony\.m2\repository\net\bytebuddy\byte-buddy\1.10.19\byte-buddy-1.10.19.jar;C:\Users\Sony\.m2\repository\antlr\antlr\2.7.7\antlr-2.7.7.jar;C:\Users\Sony\.m2\repository\org\jboss\jandex\2.1.3.Final\jandex-2.1.3.Final.jar;C:\Users\Sony\.m2\repository\org\dom4j\dom4j\2.1.3\dom4j-2.1.3.jar;C:\Users\Sony\.m2\repository\org\hibernate\common\hibernate-commons-annotations\5.1.2.Final\hibernate-commons-annotations-5.1.2.Final.jar;C:\Users\Sony\.m2\repository\org\glassfish\jaxb\jaxb-runtime\2.3.3\jaxb-runtime-2.3.3.jar;C:\Users\Sony\.m2\repository\org\glassfish\jaxb\txw2\2.3.3\txw2-2.3.3.jar;C:\Users\Sony\.m2\repository\com\sun\istack\istack-commons-runtime\3.0.11\istack-commons-runtime-3.0.11.jar;C:\Users\Sony\.m2\repository\org\springframework\data\spring-data-jpa\2.4.3
Launcher Type: SUN_STANDARD

[Global flags]
     bool BytecodeVerificationLocal                = false                                     {product} {command line}
     bool BytecodeVerificationRemote               = false                                     {product} {command line}
     intx CICompilerCount                          = 3                                         {product} {ergonomic}
     uint ConcGCThreads                            = 1                                         {product} {ergonomic}
     uint G1ConcRefinementThreads                  = 4                                         {product} {ergonomic}
   size_t G1HeapRegionSize                         = 1048576                                   {product} {ergonomic}
    uintx GCDrainStackTargetSize                   = 64                                        {product} {ergonomic}
   size_t InitialHeapSize                          = 201326592                                 {product} {ergonomic}
     bool ManagementServer                         = true                                      {product} {command line}
   size_t MarkStackSize                            = 4194304                                   {product} {ergonomic}
   size_t MaxHeapSize                              = 3208642560                                {product} {ergonomic}
   size_t MaxNewSize                               = 1925185536                                {product} {ergonomic}
   size_t MinHeapDeltaBytes                        = 1048576                                   {product} {ergonomic}
    uintx NonNMethodCodeHeapSize                   = 6973028                                {pd product} {ergonomic}
    uintx NonProfiledCodeHeapSize                  = 244685212                              {pd product} {ergonomic}
    uintx ProfiledCodeHeapSize                     = 0                                      {pd product} {ergonomic}
    uintx ReservedCodeCacheSize                    = 251658240                              {pd product} {ergonomic}
     bool SegmentedCodeCache                       = true                                      {product} {ergonomic}
     intx TieredStopAtLevel                        = 1                                         {product} {command line}
     bool UseCompressedClassPointers               = true                                 {lp64_product} {ergonomic}
     bool UseCompressedOops                        = true                                 {lp64_product} {ergonomic}
     bool UseG1GC                                  = true                                      {product} {ergonomic}
     bool UseLargePagesIndividualAllocation        = false                                  {pd product} {ergonomic}

Logging:
Log output configuration:
 #0: stdout all=warning uptime,level,tags
 #1: stderr all=off uptime,level,tags

Environment Variables:
JAVA_HOME=D:\Download\jdk-11.0.1
PATH=D:\Download\jdk-11.0.1\bin;C:\Program Files (x86)\Common Files\Oracle\Java\javapath;C:\WINDOWS\system32;C:\WINDOWS;C:\WINDOWS\System32\Wbem;C:\WINDOWS\System32\WindowsPowerShell\v1.0\;C:\Program Files\Git\cmd;C:\Program Files\nodejs\;C:\WINDOWS\System32\OpenSSH\;C:\Program Files\Microsoft SQL Server\130\Tools\Binn\;C:\Program Files\Microsoft SQL Server\Client SDK\ODBC\170\Tools\Binn\;C:\Program Files (x86)\Microsoft SQL Server\150\Tools\Binn\;C:\Program Files\Microsoft SQL Server\150\Tools\Binn\;C:\Program Files\Microsoft SQL Server\150\DTS\Binn\;C:\Program Files (x86)\Microsoft SQL Server\150\DTS\Binn\;C:\Program Files (x86)\Microsoft SQL Server\110\DTS\Binn\;C:\Program Files (x86)\Microsoft SQL Server\120\DTS\Binn\;C:\Program Files (x86)\Microsoft SQL Server\130\DTS\Binn\;C:\Program Files (x86)\Microsoft SQL Server\140\DTS\Binn\;C:\Program Files\dotnet\;C:\Users\Sony\AppData\Local\Microsoft\WindowsApps;C:\Users\Sony\AppData\Local\Programs\Microsoft VS Code\bin;C:\Users\Sony\AppData\Roaming\npm;D:\Download\jdk-11.0.1\bin;D:\flutter_project\flutter\bin;C:\Users\Sony\.dotnet\tools;C:\Users\Sony\AppData\Local\GitHubDesktop\bin;C:\Program Files\heroku\bin
USERNAME=Sony
OS=Windows_NT
PROCESSOR_IDENTIFIER=Intel64 Family 6 Model 42 Stepping 7, GenuineIntel



---------------  S Y S T E M  ---------------

OS: Windows 10 , 64 bit Build 18362 (10.0.18362.1350)

CPU:total 4 (initial active 4) (2 cores per cpu, 2 threads per core) family 6 model 42 stepping 7, cmov, cx8, fxsr, mmx, sse, sse2, sse3, ssse3, sse4.1, sse4.2, popcnt, avx, aes, clmul, ht, tsc, tscinvbit

Memory: 4k page, system-wide physical 12235M (4680M free)
TotalPageFile size 14091M (AvailPageFile size 4780M)
current process WorkingSet (physical memory assigned to process): 213M, peak: 213M
current process commit charge ("private bytes"): 320M, peak: 320M

vm_info: OpenJDK 64-Bit Server VM (11.0.1+13) for windows-amd64 JRE (11.0.1+13), built on Oct  6 2018 13:18:13 by "mach5one" with MS VC++ 15.5 (VS2017)

END.
