#
# A fatal error has been detected by the Java Runtime Environment:
#
#  EXCEPTION_ACCESS_VIOLATION (0xc0000005) at pc=0x00007ffd282de729, pid=12744, tid=13548
#
# JRE version: OpenJDK Runtime Environment (11.0.1+13) (build 11.0.1+13)
# Java VM: OpenJDK 64-Bit Server VM (11.0.1+13, mixed mode, tiered, compressed oops, g1 gc, windows-amd64)
# Problematic frame:
# V  [jvm.dll+0x5ee729]
#
# No core dump will be written. Minidumps are not enabled by default on client versions of Windows
#
# If you would like to submit a bug report, please visit:
#   http://bugreport.java.com/bugreport/crash.jsp
#

---------------  S U M M A R Y ------------

Command Line: -XX:TieredStopAtLevel=1 -Xverify:none -Dspring.output.ansi.enabled=always -javaagent:C:\Program Files\JetBrains\IntelliJ IDEA 2020.3\lib\idea_rt.jar=63677:C:\Program Files\JetBrains\IntelliJ IDEA 2020.3\bin -Dcom.sun.management.jmxremote -Dspring.jmx.enabled=true -Dspring.liveBeansView.mbeanDomain -Dspring.application.admin.enabled=true -Dfile.encoding=UTF-8 com.example.demo.DemoApplication

Host: Intel(R) Core(TM) i5-2430M CPU @ 2.40GHz, 4 cores, 11G,  Windows 10 , 64 bit Build 18362 (10.0.18362.1350)
Time: Tue Mar 23 01:47:09 2021 SE Asia Standard Time elapsed time: 13 seconds (0d 0h 0m 13s)

---------------  T H R E A D  ---------------

Current thread (0x000002068edeb000):  JavaThread "main" [_thread_in_vm, id=13548, stack(0x0000008bd7c00000,0x0000008bd7d00000)]

Stack: [0x0000008bd7c00000,0x0000008bd7d00000],  sp=0x0000008bd7cfe338,  free space=1016k
Native frames: (J=compiled Java code, j=interpreted, Vv=VM code, C=native code)
V  [jvm.dll+0x5ee729]

Java frames: (J=compiled Java code, j=interpreted, Vv=VM code)
j  springfox.documentation.spi.service.contexts.PathContext.pathProvider()Lspringfox/documentation/PathProvider;+7
j  springfox.documentation.spring.web.paths.OperationPathDecorator$1.apply(Ljava/lang/String;)Ljava/lang/String;+4
j  springfox.documentation.spring.web.paths.OperationPathDecorator$1.apply(Ljava/lang/Object;)Ljava/lang/Object;+5
j  springfox.documentation.spring.web.plugins.DocumentationPluginsManager$1.apply(Ljava/lang/String;)Ljava/lang/String;+72
j  springfox.documentation.spring.web.plugins.DocumentationPluginsManager$1.apply(Ljava/lang/Object;)Ljava/lang/Object;+5
j  springfox.documentation.builders.ApiDescriptionBuilder.build()Lspringfox/documentation/service/ApiDescription;+16
j  springfox.documentation.spring.web.scanners.ApiDescriptionReader.read(Lspringfox/documentation/spi/service/contexts/RequestMappingContext;)Ljava/util/List;+153
j  springfox.documentation.spring.web.scanners.ApiListingScanner.scan(Lspringfox/documentation/spring/web/scanners/ApiListingScanningContext;)Lcom/google/common/collect/Multimap;+234
j  springfox.documentation.spring.web.scanners.ApiDocumentationScanner.scan(Lspringfox/documentation/spi/service/contexts/DocumentationContext;)Lspringfox/documentation/service/Documentation;+27
j  springfox.documentation.spring.web.plugins.DocumentationPluginsBootstrapper.scanDocumentation(Lspringfox/documentation/spi/service/contexts/DocumentationContext;)V+9
j  springfox.documentation.spring.web.plugins.DocumentationPluginsBootstrapper.start()V+104
j  org.springframework.context.support.DefaultLifecycleProcessor.doStart(Ljava/util/Map;Ljava/lang/String;Z)V+173
j  org.springframework.context.support.DefaultLifecycleProcessor.access$200(Lorg/springframework/context/support/DefaultLifecycleProcessor;Ljava/util/Map;Ljava/lang/String;Z)V+4
j  org.springframework.context.support.DefaultLifecycleProcessor$LifecycleGroup.start()V+114
j  org.springframework.context.support.DefaultLifecycleProcessor$$Lambda$1075.accept(Ljava/lang/Object;)V+4
j  java.lang.Iterable.forEach(Ljava/util/function/Consumer;)V+30 java.base@11.0.1
j  org.springframework.context.support.DefaultLifecycleProcessor.startBeans(Z)V+48
j  org.springframework.context.support.DefaultLifecycleProcessor.onRefresh()V+2
j  org.springframework.context.support.AbstractApplicationContext.finishRefresh()V+12
j  org.springframework.context.support.AbstractApplicationContext.refresh()V+90
j  org.springframework.boot.web.servlet.context.ServletWebServerApplicationContext.refresh()V+1
j  org.springframework.boot.SpringApplication.refresh(Lorg/springframework/context/ConfigurableApplicationContext;)V+1
j  org.springframework.boot.SpringApplication.refresh(Lorg/springframework/context/ApplicationContext;)V+12
j  org.springframework.boot.SpringApplication.refreshContext(Lorg/springframework/context/ConfigurableApplicationContext;)V+19
j  org.springframework.boot.SpringApplication.run([Ljava/lang/String;)Lorg/springframework/context/ConfigurableApplicationContext;+111
j  org.springframework.boot.SpringApplication.run([Ljava/lang/Class;[Ljava/lang/String;)Lorg/springframework/context/ConfigurableApplicationContext;+9
j  org.springframework.boot.SpringApplication.run(Ljava/lang/Class;[Ljava/lang/String;)Lorg/springframework/context/ConfigurableApplicationContext;+9
j  com.example.demo.DemoApplication.main([Ljava/lang/String;)V+3
v  ~StubRoutines::call_stub

siginfo: EXCEPTION_ACCESS_VIOLATION (0xc0000005), reading address 0xffffffffffffffff


Register to memory mapping:

RIP=0x00007ffd282de729 jvm.dll
RAX=0x0008000000000000 is an unknown value
RBX=0x0000008bd7cfe400 is pointing into the stack for thread: 0x000002068edeb000
RCX={method} {0x00000206b5fd2b48} 'getPathProvider' '()Lspringfox/documentation/PathProvider;' in 'springfox/documentation/spi/service/contexts/DocumentationContext'
RDX=0x0000000000000001 is an unknown value
RSP=0x0000008bd7cfe338 is pointing into the stack for thread: 0x000002068edeb000
RBP=0x0000000000000011 is an unknown value
RSI=0x0000008bd7cfe580 is pointing into the stack for thread: 0x000002068edeb000
RDI=0x000002068edeb000 is a thread
R8 ={method} {0x00000206b5fd2b48} 'getPathProvider' '()Lspringfox/documentation/PathProvider;' in 'springfox/documentation/spi/service/contexts/DocumentationContext'
R9 =0x0000000000000005 is an unknown value
R10=0x000002068edd6880 points into unknown readable memory
R11=0x0 is NULL
R12=0x00000008008bb600 is pointing into metadata
R13=0x00000000000000b6 is an unknown value
R14=0x00000008008bb600 is pointing into metadata
R15=0x0000000000000001 is an unknown value


Registers:
RAX=0x0008000000000000, RBX=0x0000008bd7cfe400, RCX=0x00000206b5fd2b40, RDX=0x0000000000000001
RSP=0x0000008bd7cfe338, RBP=0x0000000000000011, RSI=0x0000008bd7cfe580, RDI=0x000002068edeb000
R8 =0x00000206b5fd2b40, R9 =0x0000000000000005, R10=0x000002068edd6880, R11=0x0000000000000000
R12=0x00000008008bb600, R13=0x00000000000000b6, R14=0x00000008008bb600, R15=0x0000000000000001
RIP=0x00007ffd282de729, EFLAGS=0x0000000000010206

Top of Stack: (sp=0x0000008bd7cfe338)
0x0000008bd7cfe338:   00007ffd27f088fe 0000008bd7cfe500
0x0000008bd7cfe348:   000002068edeb000 000002068edeb000
0x0000008bd7cfe358:   00007ffd284044d3 0000008bd7cfe400
0x0000008bd7cfe368:   00007ffd27f08b68 0000000000000000
0x0000008bd7cfe378:   0000008bd7cfe570 00000000000000b6
0x0000008bd7cfe388:   000002068edeb900 000002068edeb000
0x0000008bd7cfe398:   00007ffd28047da5 000000000030002f
0x0000008bd7cfe3a8:   00007ffd27f4bd3f 00000206b1b9c6b0
0x0000008bd7cfe3b8:   00007ffd28047da5 000002068edeb000
0x0000008bd7cfe3c8:   00007ffd28227437 0000008bd7cfe490
0x0000008bd7cfe3d8:   000002068edeb000 0000008bd7cfe490
0x0000008bd7cfe3e8:   00007ffd2822283b 00008b19a1026f50
0x0000008bd7cfe3f8:   0000008bd7cfe580 00000206b5fd2b40
0x0000008bd7cfe408:   000002068edeb000 00000206b5fd2b40
0x0000008bd7cfe418:   000002068edeb000 0000000000000000
0x0000008bd7cfe428:   000002068edeb900 0000008bd7cfe580 

Instructions: (pc=0x00007ffd282de729)
0x00007ffd282de709:   06 48 8b 40 10 eb cd b0 01 c3 c3 cc cc cc cc cc
0x00007ffd282de719:   cc cc cc cc cc cc cc 48 8b 41 18 48 85 c0 74 0a
0x00007ffd282de729:   66 83 78 16 00 76 03 b0 01 c3 44 0f b7 41 28 41
0x00007ffd282de739:   b9 1b 01 00 00 41 8b c0 41 2b c1 83 f8 05 77 10 



---------------  P R O C E S S  ---------------

Threads class SMR info:
_java_thread_list=0x00000206b3e01980, length=36, elements={
0x000002068edeb000, 0x00000206affd8800, 0x00000206affdb000, 0x00000206afffa000,
0x00000206afffb000, 0x00000206affff800, 0x00000206b0001800, 0x00000206af767800,
0x00000206b0748000, 0x00000206b0749000, 0x00000206b08dc000, 0x00000206b0a51800,
0x00000206b0a82800, 0x00000206b168f000, 0x00000206b1692800, 0x00000206b1ff0000,
0x00000206b24fc800, 0x00000206b32d5800, 0x00000206b236a800, 0x00000206b3535800,
0x00000206b32f1000, 0x00000206b32f0800, 0x00000206b32f2000, 0x00000206b32ef800,
0x00000206b32ec800, 0x00000206b32ee000, 0x00000206b32f3000, 0x00000206b32ed000,
0x00000206b32ee800, 0x00000206b3483800, 0x00000206b3484800, 0x00000206b3487000,
0x00000206b3481800, 0x00000206b3488000, 0x00000206b3486000, 0x00000206b3482000
}

Java Threads: ( => current thread )
=>0x000002068edeb000 JavaThread "main" [_thread_in_vm, id=13548, stack(0x0000008bd7c00000,0x0000008bd7d00000)]
  0x00000206affd8800 JavaThread "Reference Handler" daemon [_thread_blocked, id=7876, stack(0x0000008bd8300000,0x0000008bd8400000)]
  0x00000206affdb000 JavaThread "Finalizer" daemon [_thread_blocked, id=1916, stack(0x0000008bd8400000,0x0000008bd8500000)]
  0x00000206afffa000 JavaThread "Signal Dispatcher" daemon [_thread_blocked, id=14268, stack(0x0000008bd8500000,0x0000008bd8600000)]
  0x00000206afffb000 JavaThread "Attach Listener" daemon [_thread_blocked, id=8272, stack(0x0000008bd8600000,0x0000008bd8700000)]
  0x00000206affff800 JavaThread "C1 CompilerThread0" daemon [_thread_blocked, id=12588, stack(0x0000008bd8700000,0x0000008bd8800000)]
  0x00000206b0001800 JavaThread "Sweeper thread" daemon [_thread_blocked, id=13820, stack(0x0000008bd8800000,0x0000008bd8900000)]
  0x00000206af767800 JavaThread "Common-Cleaner" daemon [_thread_blocked, id=10044, stack(0x0000008bd8900000,0x0000008bd8a00000)]
  0x00000206b0748000 JavaThread "Monitor Ctrl-Break" daemon [_thread_in_native, id=12824, stack(0x0000008bd8a00000,0x0000008bd8b00000)]
  0x00000206b0749000 JavaThread "Service Thread" daemon [_thread_blocked, id=11712, stack(0x0000008bd8b00000,0x0000008bd8c00000)]
  0x00000206b08dc000 JavaThread "RMI TCP Accept-0" daemon [_thread_in_native, id=9748, stack(0x0000008bd8c00000,0x0000008bd8d00000)]
  0x00000206b0a51800 JavaThread "C1 CompilerThread1" daemon [_thread_blocked, id=13984, stack(0x0000008bd9300000,0x0000008bd9400000)]
  0x00000206b0a82800 JavaThread "C1 CompilerThread2" daemon [_thread_blocked, id=916, stack(0x0000008bd9200000,0x0000008bd9300000)]
  0x00000206b168f000 JavaThread "RMI TCP Connection(2)-192.168.1.28" daemon [_thread_in_native, id=11776, stack(0x0000008bd9400000,0x0000008bd9500000)]
  0x00000206b1692800 JavaThread "RMI Scheduler(0)" daemon [_thread_blocked, id=10224, stack(0x0000008bd9500000,0x0000008bd9600000)]
  0x00000206b1ff0000 JavaThread "RMI TCP Connection(4)-192.168.1.28" daemon [_thread_in_native, id=13876, stack(0x0000008bd9600000,0x0000008bd9700000)]
  0x00000206b24fc800 JavaThread "mssql-jdbc-shared-timer-core-0" daemon [_thread_blocked, id=10848, stack(0x0000008bd9900000,0x0000008bd9a00000)]
  0x00000206b32d5800 JavaThread "HikariPool-1 housekeeper" daemon [_thread_blocked, id=13944, stack(0x0000008bd9a00000,0x0000008bd9b00000)]
  0x00000206b236a800 JavaThread "Catalina-utility-1" [_thread_blocked, id=5360, stack(0x0000008bd9c00000,0x0000008bd9d00000)]
  0x00000206b3535800 JavaThread "Catalina-utility-2" [_thread_blocked, id=11096, stack(0x0000008bd9d00000,0x0000008bd9e00000)]
  0x00000206b32f1000 JavaThread "container-0" [_thread_blocked, id=12612, stack(0x0000008bd9e00000,0x0000008bd9f00000)]
  0x00000206b32f0800 JavaThread "RMI TCP Connection(5)-192.168.1.28" daemon [_thread_in_native, id=7200, stack(0x0000008bd9f00000,0x0000008bda000000)]
  0x00000206b32f2000 JavaThread "http-nio-8080-BlockPoller" daemon [_thread_in_native, id=244, stack(0x0000008bd9b00000,0x0000008bd9c00000)]
  0x00000206b32ef800 JavaThread "http-nio-8080-exec-1" daemon [_thread_blocked, id=8080, stack(0x0000008bda000000,0x0000008bda100000)]
  0x00000206b32ec800 JavaThread "http-nio-8080-exec-2" daemon [_thread_blocked, id=3264, stack(0x0000008bda100000,0x0000008bda200000)]
  0x00000206b32ee000 JavaThread "http-nio-8080-exec-3" daemon [_thread_blocked, id=3984, stack(0x0000008bda200000,0x0000008bda300000)]
  0x00000206b32f3000 JavaThread "http-nio-8080-exec-4" daemon [_thread_blocked, id=9260, stack(0x0000008bda300000,0x0000008bda400000)]
  0x00000206b32ed000 JavaThread "http-nio-8080-exec-5" daemon [_thread_blocked, id=10408, stack(0x0000008bda400000,0x0000008bda500000)]
  0x00000206b32ee800 JavaThread "http-nio-8080-exec-6" daemon [_thread_blocked, id=6264, stack(0x0000008bda500000,0x0000008bda600000)]
  0x00000206b3483800 JavaThread "http-nio-8080-exec-7" daemon [_thread_blocked, id=9936, stack(0x0000008bda600000,0x0000008bda700000)]
  0x00000206b3484800 JavaThread "http-nio-8080-exec-8" daemon [_thread_blocked, id=4196, stack(0x0000008bda700000,0x0000008bda800000)]
  0x00000206b3487000 JavaThread "http-nio-8080-exec-9" daemon [_thread_blocked, id=4956, stack(0x0000008bda800000,0x0000008bda900000)]
  0x00000206b3481800 JavaThread "http-nio-8080-exec-10" daemon [_thread_blocked, id=7596, stack(0x0000008bda900000,0x0000008bdaa00000)]
  0x00000206b3488000 JavaThread "http-nio-8080-ClientPoller" daemon [_thread_in_native, id=1496, stack(0x0000008bdaa00000,0x0000008bdab00000)]
  0x00000206b3486000 JavaThread "http-nio-8080-Acceptor" daemon [_thread_in_native, id=7484, stack(0x0000008bdab00000,0x0000008bdac00000)]
  0x00000206b3482000 JavaThread "RMI TCP Connection(6)-192.168.1.28" daemon [_thread_in_native, id=8408, stack(0x0000008bdac00000,0x0000008bdad00000)]

Other Threads:
  0x00000206affb4800 VMThread "VM Thread" [stack: 0x0000008bd8200000,0x0000008bd8300000] [id=5780]
  0x00000206b08f4800 WatcherThread [stack: 0x0000008bd8d00000,0x0000008bd8e00000] [id=6980]
  0x000002068ee02000 GCTaskThread "GC Thread#0" [stack: 0x0000008bd7d00000,0x0000008bd7e00000] [id=10980]
  0x00000206b09ca800 GCTaskThread "GC Thread#1" [stack: 0x0000008bd8e00000,0x0000008bd8f00000] [id=7540]
  0x00000206b09cb000 GCTaskThread "GC Thread#2" [stack: 0x0000008bd8f00000,0x0000008bd9000000] [id=12980]
  0x00000206b09cc000 GCTaskThread "GC Thread#3" [stack: 0x0000008bd9000000,0x0000008bd9100000] [id=10940]
  0x000002068ee4a000 ConcurrentGCThread "G1 Main Marker" [stack: 0x0000008bd7e00000,0x0000008bd7f00000] [id=240]
  0x000002068ee4d000 ConcurrentGCThread "G1 Conc#0" [stack: 0x0000008bd7f00000,0x0000008bd8000000] [id=12068]
  0x00000206af618800 ConcurrentGCThread "G1 Refine#0" [stack: 0x0000008bd8000000,0x0000008bd8100000] [id=7584]
  0x00000206b0331000 ConcurrentGCThread "G1 Refine#1" [stack: 0x0000008bd9100000,0x0000008bd9200000] [id=11772]
  0x00000206af619000 ConcurrentGCThread "G1 Young RemSet Sampling" [stack: 0x0000008bd8100000,0x0000008bd8200000] [id=3116]

Threads with active compile tasks:

VM state:not at safepoint (normal execution)

VM Mutex/Monitor currently owned by a thread: None

Heap address: 0x0000000740c00000, size: 3060 MB, Compressed Oops mode: Zero based, Oop shift amount: 3
Narrow klass base: 0x0000000800000000, Narrow klass shift: 0
Compressed class space size: 1073741824 Address: 0x0000000800000000

Heap:
 garbage-first heap   total 236544K, used 97280K [0x0000000740c00000, 0x0000000800000000)
  region size 1024K, 74 young (75776K), 12 survivors (12288K)
 Metaspace       used 68970K, capacity 70996K, committed 71120K, reserved 1110016K
  class space    used 9145K, capacity 9920K, committed 9936K, reserved 1048576K
Heap Regions: E=young(eden), S=young(survivor), O=old, HS=humongous(starts), HC=humongous(continues), CS=collection set, F=free, A=archive, TAMS=top-at-mark-start (previous, next)
|   0|0x0000000740c00000, 0x0000000740d00000, 0x0000000740d00000|100%|HS|  |TAMS 0x0000000740d00000, 0x0000000740c00000| Complete 
|   1|0x0000000740d00000, 0x0000000740e00000, 0x0000000740e00000|100%| O|  |TAMS 0x0000000740e00000, 0x0000000740d00000| Untracked 
|   2|0x0000000740e00000, 0x0000000740f00000, 0x0000000740f00000|100%| O|  |TAMS 0x0000000740f00000, 0x0000000740e00000| Untracked 
|   3|0x0000000740f00000, 0x0000000741000000, 0x0000000741000000|100%| O|  |TAMS 0x0000000741000000, 0x0000000740f00000| Untracked 
|   4|0x0000000741000000, 0x0000000741100000, 0x0000000741100000|100%| O|  |TAMS 0x0000000741100000, 0x0000000741000000| Untracked 
|   5|0x0000000741100000, 0x0000000741200000, 0x0000000741200000|100%| O|  |TAMS 0x0000000741200000, 0x0000000741100000| Untracked 
|   6|0x0000000741200000, 0x0000000741300000, 0x0000000741300000|100%| O|  |TAMS 0x0000000741300000, 0x0000000741200000| Untracked 
|   7|0x0000000741300000, 0x0000000741400000, 0x0000000741400000|100%| O|  |TAMS 0x0000000741400000, 0x0000000741300000| Untracked 
|   8|0x0000000741400000, 0x0000000741500000, 0x0000000741500000|100%| O|  |TAMS 0x0000000741500000, 0x0000000741400000| Untracked 
|   9|0x0000000741500000, 0x0000000741600000, 0x0000000741600000|100%| O|  |TAMS 0x0000000741600000, 0x0000000741500000| Untracked 
|  10|0x0000000741600000, 0x0000000741700000, 0x0000000741700000|100%| O|  |TAMS 0x0000000741700000, 0x0000000741600000| Untracked 
|  11|0x0000000741700000, 0x0000000741800000, 0x0000000741800000|100%| O|  |TAMS 0x0000000741800000, 0x0000000741700000| Untracked 
|  12|0x0000000741800000, 0x0000000741900000, 0x0000000741900000|100%| O|  |TAMS 0x0000000741900000, 0x0000000741800000| Untracked 
|  13|0x0000000741900000, 0x0000000741a00000, 0x0000000741a00000|100%| O|  |TAMS 0x0000000741a00000, 0x0000000741900000| Untracked 
|  14|0x0000000741a00000, 0x0000000741b00000, 0x0000000741b00000|100%| O|  |TAMS 0x0000000741b00000, 0x0000000741a00000| Untracked 
|  15|0x0000000741b00000, 0x0000000741c00000, 0x0000000741c00000|100%| O|  |TAMS 0x0000000741c00000, 0x0000000741b00000| Untracked 
|  16|0x0000000741c00000, 0x0000000741d00000, 0x0000000741d00000|100%| O|  |TAMS 0x0000000741d00000, 0x0000000741c00000| Untracked 
|  17|0x0000000741d00000, 0x0000000741e00000, 0x0000000741e00000|100%| O|  |TAMS 0x0000000741e00000, 0x0000000741d00000| Untracked 
|  18|0x0000000741e00000, 0x0000000741f00000, 0x0000000741f00000|100%| O|  |TAMS 0x0000000741f00000, 0x0000000741e00000| Untracked 
|  19|0x0000000741f00000, 0x0000000742000000, 0x0000000742000000|100%| O|  |TAMS 0x0000000742000000, 0x0000000741f00000| Untracked 
|  20|0x0000000742000000, 0x0000000742100000, 0x0000000742100000|100%| O|  |TAMS 0x0000000742100000, 0x0000000742000000| Untracked 
|  21|0x0000000742100000, 0x0000000742200000, 0x0000000742200000|100%| O|  |TAMS 0x0000000742200000, 0x0000000742100000| Untracked 
|  22|0x0000000742200000, 0x0000000742200000, 0x0000000742300000|  0%| F|  |TAMS 0x0000000742200000, 0x0000000742200000| Untracked 
|  23|0x0000000742300000, 0x0000000742300000, 0x0000000742400000|  0%| F|  |TAMS 0x0000000742300000, 0x0000000742300000| Untracked 
|  24|0x0000000742400000, 0x0000000742400000, 0x0000000742500000|  0%| F|  |TAMS 0x0000000742400000, 0x0000000742400000| Untracked 
|  25|0x0000000742500000, 0x0000000742500000, 0x0000000742600000|  0%| F|  |TAMS 0x0000000742500000, 0x0000000742500000| Untracked 
|  26|0x0000000742600000, 0x0000000742600000, 0x0000000742700000|  0%| F|  |TAMS 0x0000000742600000, 0x0000000742600000| Untracked 
|  27|0x0000000742700000, 0x0000000742700000, 0x0000000742800000|  0%| F|  |TAMS 0x0000000742700000, 0x0000000742700000| Untracked 
|  28|0x0000000742800000, 0x0000000742800000, 0x0000000742900000|  0%| F|  |TAMS 0x0000000742800000, 0x0000000742800000| Untracked 
|  29|0x0000000742900000, 0x0000000742900000, 0x0000000742a00000|  0%| F|  |TAMS 0x0000000742900000, 0x0000000742900000| Untracked 
|  30|0x0000000742a00000, 0x0000000742a00000, 0x0000000742b00000|  0%| F|  |TAMS 0x0000000742a00000, 0x0000000742a00000| Untracked 
|  31|0x0000000742b00000, 0x0000000742b00000, 0x0000000742c00000|  0%| F|  |TAMS 0x0000000742b00000, 0x0000000742b00000| Untracked 
|  32|0x0000000742c00000, 0x0000000742c00000, 0x0000000742d00000|  0%| F|  |TAMS 0x0000000742c00000, 0x0000000742c00000| Untracked 
|  33|0x0000000742d00000, 0x0000000742d00000, 0x0000000742e00000|  0%| F|  |TAMS 0x0000000742d00000, 0x0000000742d00000| Untracked 
|  34|0x0000000742e00000, 0x0000000742e00000, 0x0000000742f00000|  0%| F|  |TAMS 0x0000000742e00000, 0x0000000742e00000| Untracked 
|  35|0x0000000742f00000, 0x0000000742f00000, 0x0000000743000000|  0%| F|  |TAMS 0x0000000742f00000, 0x0000000742f00000| Untracked 
|  36|0x0000000743000000, 0x0000000743000000, 0x0000000743100000|  0%| F|  |TAMS 0x0000000743000000, 0x0000000743000000| Untracked 
|  37|0x0000000743100000, 0x0000000743100000, 0x0000000743200000|  0%| F|  |TAMS 0x0000000743100000, 0x0000000743100000| Untracked 
|  38|0x0000000743200000, 0x0000000743200000, 0x0000000743300000|  0%| F|  |TAMS 0x0000000743200000, 0x0000000743200000| Untracked 
|  39|0x0000000743300000, 0x0000000743300000, 0x0000000743400000|  0%| F|  |TAMS 0x0000000743300000, 0x0000000743300000| Untracked 
|  40|0x0000000743400000, 0x0000000743400000, 0x0000000743500000|  0%| F|  |TAMS 0x0000000743400000, 0x0000000743400000| Untracked 
|  41|0x0000000743500000, 0x0000000743500000, 0x0000000743600000|  0%| F|  |TAMS 0x0000000743500000, 0x0000000743500000| Untracked 
|  42|0x0000000743600000, 0x0000000743600000, 0x0000000743700000|  0%| F|  |TAMS 0x0000000743600000, 0x0000000743600000| Untracked 
|  43|0x0000000743700000, 0x0000000743700000, 0x0000000743800000|  0%| F|  |TAMS 0x0000000743700000, 0x0000000743700000| Untracked 
|  44|0x0000000743800000, 0x0000000743800000, 0x0000000743900000|  0%| F|  |TAMS 0x0000000743800000, 0x0000000743800000| Untracked 
|  45|0x0000000743900000, 0x0000000743900000, 0x0000000743a00000|  0%| F|  |TAMS 0x0000000743900000, 0x0000000743900000| Untracked 
|  46|0x0000000743a00000, 0x0000000743a00000, 0x0000000743b00000|  0%| F|  |TAMS 0x0000000743a00000, 0x0000000743a00000| Untracked 
|  47|0x0000000743b00000, 0x0000000743b00000, 0x0000000743c00000|  0%| F|  |TAMS 0x0000000743b00000, 0x0000000743b00000| Untracked 
|  48|0x0000000743c00000, 0x0000000743c00000, 0x0000000743d00000|  0%| F|  |TAMS 0x0000000743c00000, 0x0000000743c00000| Untracked 
|  49|0x0000000743d00000, 0x0000000743d00000, 0x0000000743e00000|  0%| F|  |TAMS 0x0000000743d00000, 0x0000000743d00000| Untracked 
|  50|0x0000000743e00000, 0x0000000743e00000, 0x0000000743f00000|  0%| F|  |TAMS 0x0000000743e00000, 0x0000000743e00000| Untracked 
|  51|0x0000000743f00000, 0x0000000743f00000, 0x0000000744000000|  0%| F|  |TAMS 0x0000000743f00000, 0x0000000743f00000| Untracked 
|  52|0x0000000744000000, 0x0000000744000000, 0x0000000744100000|  0%| F|  |TAMS 0x0000000744000000, 0x0000000744000000| Untracked 
|  53|0x0000000744100000, 0x0000000744100000, 0x0000000744200000|  0%| F|  |TAMS 0x0000000744100000, 0x0000000744100000| Untracked 
|  54|0x0000000744200000, 0x0000000744200000, 0x0000000744300000|  0%| F|  |TAMS 0x0000000744200000, 0x0000000744200000| Untracked 
|  55|0x0000000744300000, 0x0000000744300000, 0x0000000744400000|  0%| F|  |TAMS 0x0000000744300000, 0x0000000744300000| Untracked 
|  56|0x0000000744400000, 0x0000000744400000, 0x0000000744500000|  0%| F|  |TAMS 0x0000000744400000, 0x0000000744400000| Untracked 
|  57|0x0000000744500000, 0x0000000744500000, 0x0000000744600000|  0%| F|  |TAMS 0x0000000744500000, 0x0000000744500000| Untracked 
|  58|0x0000000744600000, 0x0000000744600000, 0x0000000744700000|  0%| F|  |TAMS 0x0000000744600000, 0x0000000744600000| Untracked 
|  59|0x0000000744700000, 0x0000000744700000, 0x0000000744800000|  0%| F|  |TAMS 0x0000000744700000, 0x0000000744700000| Untracked 
|  60|0x0000000744800000, 0x0000000744800000, 0x0000000744900000|  0%| F|  |TAMS 0x0000000744800000, 0x0000000744800000| Untracked 
|  61|0x0000000744900000, 0x0000000744900000, 0x0000000744a00000|  0%| F|  |TAMS 0x0000000744900000, 0x0000000744900000| Untracked 
|  62|0x0000000744a00000, 0x0000000744a00000, 0x0000000744b00000|  0%| F|  |TAMS 0x0000000744a00000, 0x0000000744a00000| Untracked 
|  63|0x0000000744b00000, 0x0000000744b00000, 0x0000000744c00000|  0%| F|  |TAMS 0x0000000744b00000, 0x0000000744b00000| Untracked 
|  64|0x0000000744c00000, 0x0000000744c00000, 0x0000000744d00000|  0%| F|  |TAMS 0x0000000744c00000, 0x0000000744c00000| Untracked 
|  65|0x0000000744d00000, 0x0000000744d00000, 0x0000000744e00000|  0%| F|  |TAMS 0x0000000744d00000, 0x0000000744d00000| Untracked 
|  66|0x0000000744e00000, 0x0000000744e00000, 0x0000000744f00000|  0%| F|  |TAMS 0x0000000744e00000, 0x0000000744e00000| Untracked 
|  67|0x0000000744f00000, 0x0000000744f00000, 0x0000000745000000|  0%| F|  |TAMS 0x0000000744f00000, 0x0000000744f00000| Untracked 
|  68|0x0000000745000000, 0x0000000745000000, 0x0000000745100000|  0%| F|  |TAMS 0x0000000745000000, 0x0000000745000000| Untracked 
|  69|0x0000000745100000, 0x0000000745100000, 0x0000000745200000|  0%| F|  |TAMS 0x0000000745100000, 0x0000000745100000| Untracked 
|  70|0x0000000745200000, 0x0000000745200000, 0x0000000745300000|  0%| F|  |TAMS 0x0000000745200000, 0x0000000745200000| Untracked 
|  71|0x0000000745300000, 0x0000000745300000, 0x0000000745400000|  0%| F|  |TAMS 0x0000000745300000, 0x0000000745300000| Untracked 
|  72|0x0000000745400000, 0x0000000745400000, 0x0000000745500000|  0%| F|  |TAMS 0x0000000745400000, 0x0000000745400000| Untracked 
|  73|0x0000000745500000, 0x0000000745500000, 0x0000000745600000|  0%| F|  |TAMS 0x0000000745500000, 0x0000000745500000| Untracked 
|  74|0x0000000745600000, 0x0000000745600000, 0x0000000745700000|  0%| F|  |TAMS 0x0000000745600000, 0x0000000745600000| Untracked 
|  75|0x0000000745700000, 0x0000000745700000, 0x0000000745800000|  0%| F|  |TAMS 0x0000000745700000, 0x0000000745700000| Untracked 
|  76|0x0000000745800000, 0x0000000745800000, 0x0000000745900000|  0%| F|  |TAMS 0x0000000745800000, 0x0000000745800000| Untracked 
|  77|0x0000000745900000, 0x0000000745900000, 0x0000000745a00000|  0%| F|  |TAMS 0x0000000745900000, 0x0000000745900000| Untracked 
|  78|0x0000000745a00000, 0x0000000745a00000, 0x0000000745b00000|  0%| F|  |TAMS 0x0000000745a00000, 0x0000000745a00000| Untracked 
|  79|0x0000000745b00000, 0x0000000745b00000, 0x0000000745c00000|  0%| F|  |TAMS 0x0000000745b00000, 0x0000000745b00000| Untracked 
|  80|0x0000000745c00000, 0x0000000745c00000, 0x0000000745d00000|  0%| F|  |TAMS 0x0000000745c00000, 0x0000000745c00000| Untracked 
|  81|0x0000000745d00000, 0x0000000745e00000, 0x0000000745e00000|100%| S|CS|TAMS 0x0000000745d00000, 0x0000000745d00000| Complete 
|  82|0x0000000745e00000, 0x0000000745f00000, 0x0000000745f00000|100%| S|CS|TAMS 0x0000000745e00000, 0x0000000745e00000| Complete 
|  83|0x0000000745f00000, 0x0000000746000000, 0x0000000746000000|100%| S|CS|TAMS 0x0000000745f00000, 0x0000000745f00000| Complete 
|  84|0x0000000746000000, 0x0000000746100000, 0x0000000746100000|100%| S|CS|TAMS 0x0000000746000000, 0x0000000746000000| Complete 
|  85|0x0000000746100000, 0x0000000746200000, 0x0000000746200000|100%| S|CS|TAMS 0x0000000746100000, 0x0000000746100000| Complete 
|  86|0x0000000746200000, 0x0000000746300000, 0x0000000746300000|100%| S|CS|TAMS 0x0000000746200000, 0x0000000746200000| Complete 
|  87|0x0000000746300000, 0x0000000746400000, 0x0000000746400000|100%| S|CS|TAMS 0x0000000746300000, 0x0000000746300000| Complete 
|  88|0x0000000746400000, 0x0000000746500000, 0x0000000746500000|100%| S|CS|TAMS 0x0000000746400000, 0x0000000746400000| Complete 
|  89|0x0000000746500000, 0x0000000746600000, 0x0000000746600000|100%| S|CS|TAMS 0x0000000746500000, 0x0000000746500000| Complete 
|  90|0x0000000746600000, 0x0000000746700000, 0x0000000746700000|100%| S|CS|TAMS 0x0000000746600000, 0x0000000746600000| Complete 
|  91|0x0000000746700000, 0x0000000746800000, 0x0000000746800000|100%| S|CS|TAMS 0x0000000746700000, 0x0000000746700000| Complete 
|  92|0x0000000746800000, 0x0000000746900000, 0x0000000746900000|100%| S|CS|TAMS 0x0000000746800000, 0x0000000746800000| Complete 
|  93|0x0000000746900000, 0x0000000746900000, 0x0000000746a00000|  0%| F|  |TAMS 0x0000000746900000, 0x0000000746900000| Untracked 
|  94|0x0000000746a00000, 0x0000000746a00000, 0x0000000746b00000|  0%| F|  |TAMS 0x0000000746a00000, 0x0000000746a00000| Untracked 
|  95|0x0000000746b00000, 0x0000000746b00000, 0x0000000746c00000|  0%| F|  |TAMS 0x0000000746b00000, 0x0000000746b00000| Untracked 
|  96|0x0000000746c00000, 0x0000000746c00000, 0x0000000746d00000|  0%| F|  |TAMS 0x0000000746c00000, 0x0000000746c00000| Untracked 
|  97|0x0000000746d00000, 0x0000000746d00000, 0x0000000746e00000|  0%| F|  |TAMS 0x0000000746d00000, 0x0000000746d00000| Untracked 
|  98|0x0000000746e00000, 0x0000000746e00000, 0x0000000746f00000|  0%| F|  |TAMS 0x0000000746e00000, 0x0000000746e00000| Untracked 
|  99|0x0000000746f00000, 0x0000000746f00000, 0x0000000747000000|  0%| F|  |TAMS 0x0000000746f00000, 0x0000000746f00000| Untracked 
| 100|0x0000000747000000, 0x0000000747000000, 0x0000000747100000|  0%| F|  |TAMS 0x0000000747000000, 0x0000000747000000| Untracked 
| 101|0x0000000747100000, 0x0000000747100000, 0x0000000747200000|  0%| F|  |TAMS 0x0000000747100000, 0x0000000747100000| Untracked 
| 102|0x0000000747200000, 0x0000000747200000, 0x0000000747300000|  0%| F|  |TAMS 0x0000000747200000, 0x0000000747200000| Untracked 
| 103|0x0000000747300000, 0x0000000747300000, 0x0000000747400000|  0%| F|  |TAMS 0x0000000747300000, 0x0000000747300000| Untracked 
| 104|0x0000000747400000, 0x0000000747400000, 0x0000000747500000|  0%| F|  |TAMS 0x0000000747400000, 0x0000000747400000| Untracked 
| 105|0x0000000747500000, 0x0000000747500000, 0x0000000747600000|  0%| F|  |TAMS 0x0000000747500000, 0x0000000747500000| Untracked 
| 106|0x0000000747600000, 0x0000000747600000, 0x0000000747700000|  0%| F|  |TAMS 0x0000000747600000, 0x0000000747600000| Untracked 
| 107|0x0000000747700000, 0x0000000747700000, 0x0000000747800000|  0%| F|  |TAMS 0x0000000747700000, 0x0000000747700000| Untracked 
| 108|0x0000000747800000, 0x0000000747800000, 0x0000000747900000|  0%| F|  |TAMS 0x0000000747800000, 0x0000000747800000| Untracked 
| 109|0x0000000747900000, 0x0000000747900000, 0x0000000747a00000|  0%| F|  |TAMS 0x0000000747900000, 0x0000000747900000| Untracked 
| 110|0x0000000747a00000, 0x0000000747a00000, 0x0000000747b00000|  0%| F|  |TAMS 0x0000000747a00000, 0x0000000747a00000| Untracked 
| 111|0x0000000747b00000, 0x0000000747b00000, 0x0000000747c00000|  0%| F|  |TAMS 0x0000000747b00000, 0x0000000747b00000| Untracked 
| 112|0x0000000747c00000, 0x0000000747c00000, 0x0000000747d00000|  0%| F|  |TAMS 0x0000000747c00000, 0x0000000747c00000| Untracked 
| 113|0x0000000747d00000, 0x0000000747d00000, 0x0000000747e00000|  0%| F|  |TAMS 0x0000000747d00000, 0x0000000747d00000| Untracked 
| 114|0x0000000747e00000, 0x0000000747e00000, 0x0000000747f00000|  0%| F|  |TAMS 0x0000000747e00000, 0x0000000747e00000| Untracked 
| 115|0x0000000747f00000, 0x0000000747f00000, 0x0000000748000000|  0%| F|  |TAMS 0x0000000747f00000, 0x0000000747f00000| Untracked 
| 116|0x0000000748000000, 0x0000000748000000, 0x0000000748100000|  0%| F|  |TAMS 0x0000000748000000, 0x0000000748000000| Untracked 
| 117|0x0000000748100000, 0x0000000748100000, 0x0000000748200000|  0%| F|  |TAMS 0x0000000748100000, 0x0000000748100000| Untracked 
| 118|0x0000000748200000, 0x0000000748200000, 0x0000000748300000|  0%| F|  |TAMS 0x0000000748200000, 0x0000000748200000| Untracked 
| 119|0x0000000748300000, 0x0000000748300000, 0x0000000748400000|  0%| F|  |TAMS 0x0000000748300000, 0x0000000748300000| Untracked 
| 120|0x0000000748400000, 0x0000000748400000, 0x0000000748500000|  0%| F|  |TAMS 0x0000000748400000, 0x0000000748400000| Untracked 
| 121|0x0000000748500000, 0x0000000748500000, 0x0000000748600000|  0%| F|  |TAMS 0x0000000748500000, 0x0000000748500000| Untracked 
| 122|0x0000000748600000, 0x0000000748600000, 0x0000000748700000|  0%| F|  |TAMS 0x0000000748600000, 0x0000000748600000| Untracked 
| 123|0x0000000748700000, 0x0000000748700000, 0x0000000748800000|  0%| F|  |TAMS 0x0000000748700000, 0x0000000748700000| Untracked 
| 124|0x0000000748800000, 0x0000000748800000, 0x0000000748900000|  0%| F|  |TAMS 0x0000000748800000, 0x0000000748800000| Untracked 
| 125|0x0000000748900000, 0x0000000748900000, 0x0000000748a00000|  0%| F|  |TAMS 0x0000000748900000, 0x0000000748900000| Untracked 
| 126|0x0000000748a00000, 0x0000000748a00000, 0x0000000748b00000|  0%| F|  |TAMS 0x0000000748a00000, 0x0000000748a00000| Untracked 
| 127|0x0000000748b00000, 0x0000000748b00000, 0x0000000748c00000|  0%| F|  |TAMS 0x0000000748b00000, 0x0000000748b00000| Untracked 
| 128|0x0000000748c00000, 0x0000000748c00000, 0x0000000748d00000|  0%| F|  |TAMS 0x0000000748c00000, 0x0000000748c00000| Untracked 
| 129|0x0000000748d00000, 0x0000000748d00000, 0x0000000748e00000|  0%| F|  |TAMS 0x0000000748d00000, 0x0000000748d00000| Untracked 
| 130|0x0000000748e00000, 0x0000000748e00000, 0x0000000748f00000|  0%| F|  |TAMS 0x0000000748e00000, 0x0000000748e00000| Untracked 
| 131|0x0000000748f00000, 0x0000000748f00000, 0x0000000749000000|  0%| F|  |TAMS 0x0000000748f00000, 0x0000000748f00000| Untracked 
| 132|0x0000000749000000, 0x0000000749000000, 0x0000000749100000|  0%| F|  |TAMS 0x0000000749000000, 0x0000000749000000| Untracked 
| 133|0x0000000749100000, 0x0000000749100000, 0x0000000749200000|  0%| F|  |TAMS 0x0000000749100000, 0x0000000749100000| Untracked 
| 134|0x0000000749200000, 0x0000000749200000, 0x0000000749300000|  0%| F|  |TAMS 0x0000000749200000, 0x0000000749200000| Untracked 
| 135|0x0000000749300000, 0x0000000749300000, 0x0000000749400000|  0%| F|  |TAMS 0x0000000749300000, 0x0000000749300000| Untracked 
| 136|0x0000000749400000, 0x0000000749400000, 0x0000000749500000|  0%| F|  |TAMS 0x0000000749400000, 0x0000000749400000| Untracked 
| 137|0x0000000749500000, 0x0000000749500000, 0x0000000749600000|  0%| F|  |TAMS 0x0000000749500000, 0x0000000749500000| Untracked 
| 138|0x0000000749600000, 0x0000000749600000, 0x0000000749700000|  0%| F|  |TAMS 0x0000000749600000, 0x0000000749600000| Untracked 
| 139|0x0000000749700000, 0x0000000749700000, 0x0000000749800000|  0%| F|  |TAMS 0x0000000749700000, 0x0000000749700000| Untracked 
| 140|0x0000000749800000, 0x0000000749800000, 0x0000000749900000|  0%| F|  |TAMS 0x0000000749800000, 0x0000000749800000| Untracked 
| 141|0x0000000749900000, 0x0000000749900000, 0x0000000749a00000|  0%| F|  |TAMS 0x0000000749900000, 0x0000000749900000| Untracked 
| 142|0x0000000749a00000, 0x0000000749a00000, 0x0000000749b00000|  0%| F|  |TAMS 0x0000000749a00000, 0x0000000749a00000| Untracked 
| 143|0x0000000749b00000, 0x0000000749b00000, 0x0000000749c00000|  0%| F|  |TAMS 0x0000000749b00000, 0x0000000749b00000| Untracked 
| 144|0x0000000749c00000, 0x0000000749c00000, 0x0000000749d00000|  0%| F|  |TAMS 0x0000000749c00000, 0x0000000749c00000| Untracked 
| 145|0x0000000749d00000, 0x0000000749d00000, 0x0000000749e00000|  0%| F|  |TAMS 0x0000000749d00000, 0x0000000749d00000| Untracked 
| 146|0x0000000749e00000, 0x0000000749e00000, 0x0000000749f00000|  0%| F|  |TAMS 0x0000000749e00000, 0x0000000749e00000| Untracked 
| 147|0x0000000749f00000, 0x0000000749f00000, 0x000000074a000000|  0%| F|  |TAMS 0x0000000749f00000, 0x0000000749f00000| Untracked 
| 148|0x000000074a000000, 0x000000074a000000, 0x000000074a100000|  0%| F|  |TAMS 0x000000074a000000, 0x000000074a000000| Untracked 
| 149|0x000000074a100000, 0x000000074a100000, 0x000000074a200000|  0%| F|  |TAMS 0x000000074a100000, 0x000000074a100000| Untracked 
| 150|0x000000074a200000, 0x000000074a200000, 0x000000074a300000|  0%| F|  |TAMS 0x000000074a200000, 0x000000074a200000| Untracked 
| 151|0x000000074a300000, 0x000000074a300000, 0x000000074a400000|  0%| F|  |TAMS 0x000000074a300000, 0x000000074a300000| Untracked 
| 152|0x000000074a400000, 0x000000074a400000, 0x000000074a500000|  0%| F|  |TAMS 0x000000074a400000, 0x000000074a400000| Untracked 
| 153|0x000000074a500000, 0x000000074a500000, 0x000000074a600000|  0%| F|  |TAMS 0x000000074a500000, 0x000000074a500000| Untracked 
| 154|0x000000074a600000, 0x000000074a600000, 0x000000074a700000|  0%| F|  |TAMS 0x000000074a600000, 0x000000074a600000| Untracked 
| 155|0x000000074a700000, 0x000000074a700000, 0x000000074a800000|  0%| F|  |TAMS 0x000000074a700000, 0x000000074a700000| Untracked 
| 156|0x000000074a800000, 0x000000074a800000, 0x000000074a900000|  0%| F|  |TAMS 0x000000074a800000, 0x000000074a800000| Untracked 
| 157|0x000000074a900000, 0x000000074a900000, 0x000000074aa00000|  0%| F|  |TAMS 0x000000074a900000, 0x000000074a900000| Untracked 
| 158|0x000000074aa00000, 0x000000074aa00000, 0x000000074ab00000|  0%| F|  |TAMS 0x000000074aa00000, 0x000000074aa00000| Untracked 
| 159|0x000000074ab00000, 0x000000074ab00000, 0x000000074ac00000|  0%| F|  |TAMS 0x000000074ab00000, 0x000000074ab00000| Untracked 
| 160|0x000000074ac00000, 0x000000074ac00000, 0x000000074ad00000|  0%| F|  |TAMS 0x000000074ac00000, 0x000000074ac00000| Untracked 
| 161|0x000000074ad00000, 0x000000074ad00000, 0x000000074ae00000|  0%| F|  |TAMS 0x000000074ad00000, 0x000000074ad00000| Untracked 
| 162|0x000000074ae00000, 0x000000074ae00000, 0x000000074af00000|  0%| F|  |TAMS 0x000000074ae00000, 0x000000074ae00000| Untracked 
| 163|0x000000074af00000, 0x000000074af00000, 0x000000074b000000|  0%| F|  |TAMS 0x000000074af00000, 0x000000074af00000| Untracked 
| 164|0x000000074b000000, 0x000000074b000000, 0x000000074b100000|  0%| F|  |TAMS 0x000000074b000000, 0x000000074b000000| Untracked 
| 165|0x000000074b100000, 0x000000074b100000, 0x000000074b200000|  0%| F|  |TAMS 0x000000074b100000, 0x000000074b100000| Untracked 
| 166|0x000000074b200000, 0x000000074b200000, 0x000000074b300000|  0%| F|  |TAMS 0x000000074b200000, 0x000000074b200000| Untracked 
| 167|0x000000074b300000, 0x000000074b300000, 0x000000074b400000|  0%| F|  |TAMS 0x000000074b300000, 0x000000074b300000| Untracked 
| 168|0x000000074b400000, 0x000000074b400000, 0x000000074b500000|  0%| F|  |TAMS 0x000000074b400000, 0x000000074b400000| Untracked 
| 169|0x000000074b500000, 0x000000074b585960, 0x000000074b600000| 52%| E|  |TAMS 0x000000074b500000, 0x000000074b500000| Complete 
| 170|0x000000074b600000, 0x000000074b700000, 0x000000074b700000|100%| E|CS|TAMS 0x000000074b600000, 0x000000074b600000| Complete 
| 171|0x000000074b700000, 0x000000074b800000, 0x000000074b800000|100%| E|CS|TAMS 0x000000074b700000, 0x000000074b700000| Complete 
| 172|0x000000074b800000, 0x000000074b900000, 0x000000074b900000|100%| E|CS|TAMS 0x000000074b800000, 0x000000074b800000| Complete 
| 173|0x000000074b900000, 0x000000074ba00000, 0x000000074ba00000|100%| E|CS|TAMS 0x000000074b900000, 0x000000074b900000| Complete 
| 174|0x000000074ba00000, 0x000000074bb00000, 0x000000074bb00000|100%| E|CS|TAMS 0x000000074ba00000, 0x000000074ba00000| Complete 
| 175|0x000000074bb00000, 0x000000074bc00000, 0x000000074bc00000|100%| E|CS|TAMS 0x000000074bb00000, 0x000000074bb00000| Complete 
| 176|0x000000074bc00000, 0x000000074bd00000, 0x000000074bd00000|100%| E|CS|TAMS 0x000000074bc00000, 0x000000074bc00000| Complete 
| 177|0x000000074bd00000, 0x000000074be00000, 0x000000074be00000|100%| E|CS|TAMS 0x000000074bd00000, 0x000000074bd00000| Complete 
| 178|0x000000074be00000, 0x000000074bf00000, 0x000000074bf00000|100%| E|CS|TAMS 0x000000074be00000, 0x000000074be00000| Complete 
| 179|0x000000074bf00000, 0x000000074c000000, 0x000000074c000000|100%| E|CS|TAMS 0x000000074bf00000, 0x000000074bf00000| Complete 
| 180|0x000000074c000000, 0x000000074c100000, 0x000000074c100000|100%| E|CS|TAMS 0x000000074c000000, 0x000000074c000000| Complete 
| 181|0x000000074c100000, 0x000000074c200000, 0x000000074c200000|100%| E|CS|TAMS 0x000000074c100000, 0x000000074c100000| Complete 
| 182|0x000000074c200000, 0x000000074c300000, 0x000000074c300000|100%| E|CS|TAMS 0x000000074c200000, 0x000000074c200000| Complete 
| 183|0x000000074c300000, 0x000000074c400000, 0x000000074c400000|100%| E|CS|TAMS 0x000000074c300000, 0x000000074c300000| Complete 
| 184|0x000000074c400000, 0x000000074c500000, 0x000000074c500000|100%| E|CS|TAMS 0x000000074c400000, 0x000000074c400000| Complete 
| 185|0x000000074c500000, 0x000000074c600000, 0x000000074c600000|100%| E|CS|TAMS 0x000000074c500000, 0x000000074c500000| Complete 
| 186|0x000000074c600000, 0x000000074c700000, 0x000000074c700000|100%| E|CS|TAMS 0x000000074c600000, 0x000000074c600000| Complete 
| 187|0x000000074c700000, 0x000000074c800000, 0x000000074c800000|100%| E|CS|TAMS 0x000000074c700000, 0x000000074c700000| Complete 
| 188|0x000000074c800000, 0x000000074c900000, 0x000000074c900000|100%| E|CS|TAMS 0x000000074c800000, 0x000000074c800000| Complete 
| 189|0x000000074c900000, 0x000000074ca00000, 0x000000074ca00000|100%| E|CS|TAMS 0x000000074c900000, 0x000000074c900000| Complete 
| 190|0x000000074ca00000, 0x000000074cb00000, 0x000000074cb00000|100%| E|CS|TAMS 0x000000074ca00000, 0x000000074ca00000| Complete 
| 191|0x000000074cb00000, 0x000000074cc00000, 0x000000074cc00000|100%| E|CS|TAMS 0x000000074cb00000, 0x000000074cb00000| Complete 
| 192|0x000000074cc00000, 0x000000074cd00000, 0x000000074cd00000|100%| E|CS|TAMS 0x000000074cc00000, 0x000000074cc00000| Complete 
| 193|0x000000074cd00000, 0x000000074ce00000, 0x000000074ce00000|100%| E|CS|TAMS 0x000000074cd00000, 0x000000074cd00000| Complete 
| 194|0x000000074ce00000, 0x000000074cf00000, 0x000000074cf00000|100%| E|CS|TAMS 0x000000074ce00000, 0x000000074ce00000| Complete 
| 195|0x000000074cf00000, 0x000000074d000000, 0x000000074d000000|100%| E|CS|TAMS 0x000000074cf00000, 0x000000074cf00000| Complete 
| 196|0x000000074d000000, 0x000000074d100000, 0x000000074d100000|100%| E|CS|TAMS 0x000000074d000000, 0x000000074d000000| Complete 
| 197|0x000000074d100000, 0x000000074d200000, 0x000000074d200000|100%| E|CS|TAMS 0x000000074d100000, 0x000000074d100000| Complete 
| 198|0x000000074d200000, 0x000000074d300000, 0x000000074d300000|100%| E|CS|TAMS 0x000000074d200000, 0x000000074d200000| Complete 
| 199|0x000000074d300000, 0x000000074d400000, 0x000000074d400000|100%| E|CS|TAMS 0x000000074d300000, 0x000000074d300000| Complete 
| 200|0x000000074d400000, 0x000000074d500000, 0x000000074d500000|100%| E|CS|TAMS 0x000000074d400000, 0x000000074d400000| Complete 
| 201|0x000000074d500000, 0x000000074d600000, 0x000000074d600000|100%| E|CS|TAMS 0x000000074d500000, 0x000000074d500000| Complete 
| 202|0x000000074d600000, 0x000000074d700000, 0x000000074d700000|100%| E|CS|TAMS 0x000000074d600000, 0x000000074d600000| Complete 
| 203|0x000000074d700000, 0x000000074d800000, 0x000000074d800000|100%| E|CS|TAMS 0x000000074d700000, 0x000000074d700000| Complete 
| 204|0x000000074d800000, 0x000000074d900000, 0x000000074d900000|100%| E|CS|TAMS 0x000000074d800000, 0x000000074d800000| Complete 
| 205|0x000000074d900000, 0x000000074da00000, 0x000000074da00000|100%| E|CS|TAMS 0x000000074d900000, 0x000000074d900000| Complete 
| 206|0x000000074da00000, 0x000000074db00000, 0x000000074db00000|100%| E|CS|TAMS 0x000000074da00000, 0x000000074da00000| Complete 
| 207|0x000000074db00000, 0x000000074dc00000, 0x000000074dc00000|100%| E|CS|TAMS 0x000000074db00000, 0x000000074db00000| Complete 
| 208|0x000000074dc00000, 0x000000074dd00000, 0x000000074dd00000|100%| E|CS|TAMS 0x000000074dc00000, 0x000000074dc00000| Complete 
| 209|0x000000074dd00000, 0x000000074de00000, 0x000000074de00000|100%| E|CS|TAMS 0x000000074dd00000, 0x000000074dd00000| Complete 
| 210|0x000000074de00000, 0x000000074df00000, 0x000000074df00000|100%| E|CS|TAMS 0x000000074de00000, 0x000000074de00000| Complete 
| 211|0x000000074df00000, 0x000000074e000000, 0x000000074e000000|100%| E|CS|TAMS 0x000000074df00000, 0x000000074df00000| Complete 
| 212|0x000000074e000000, 0x000000074e100000, 0x000000074e100000|100%| E|CS|TAMS 0x000000074e000000, 0x000000074e000000| Complete 
| 213|0x000000074e100000, 0x000000074e200000, 0x000000074e200000|100%| E|CS|TAMS 0x000000074e100000, 0x000000074e100000| Complete 
| 214|0x000000074e200000, 0x000000074e300000, 0x000000074e300000|100%| E|CS|TAMS 0x000000074e200000, 0x000000074e200000| Complete 
| 215|0x000000074e300000, 0x000000074e400000, 0x000000074e400000|100%| E|CS|TAMS 0x000000074e300000, 0x000000074e300000| Complete 
| 216|0x000000074e400000, 0x000000074e500000, 0x000000074e500000|100%| E|CS|TAMS 0x000000074e400000, 0x000000074e400000| Complete 
| 217|0x000000074e500000, 0x000000074e600000, 0x000000074e600000|100%| E|CS|TAMS 0x000000074e500000, 0x000000074e500000| Complete 
| 218|0x000000074e600000, 0x000000074e700000, 0x000000074e700000|100%| E|CS|TAMS 0x000000074e600000, 0x000000074e600000| Complete 
| 219|0x000000074e700000, 0x000000074e800000, 0x000000074e800000|100%| E|CS|TAMS 0x000000074e700000, 0x000000074e700000| Complete 
| 220|0x000000074e800000, 0x000000074e900000, 0x000000074e900000|100%| E|CS|TAMS 0x000000074e800000, 0x000000074e800000| Complete 
| 221|0x000000074e900000, 0x000000074ea00000, 0x000000074ea00000|100%| E|CS|TAMS 0x000000074e900000, 0x000000074e900000| Complete 
| 222|0x000000074ea00000, 0x000000074eb00000, 0x000000074eb00000|100%| E|CS|TAMS 0x000000074ea00000, 0x000000074ea00000| Complete 
| 223|0x000000074eb00000, 0x000000074ec00000, 0x000000074ec00000|100%| E|CS|TAMS 0x000000074eb00000, 0x000000074eb00000| Complete 
| 224|0x000000074ec00000, 0x000000074ed00000, 0x000000074ed00000|100%| E|CS|TAMS 0x000000074ec00000, 0x000000074ec00000| Complete 
| 225|0x000000074ed00000, 0x000000074ee00000, 0x000000074ee00000|100%| E|CS|TAMS 0x000000074ed00000, 0x000000074ed00000| Complete 
| 226|0x000000074ee00000, 0x000000074ef00000, 0x000000074ef00000|100%| E|CS|TAMS 0x000000074ee00000, 0x000000074ee00000| Complete 
| 227|0x000000074ef00000, 0x000000074f000000, 0x000000074f000000|100%| E|CS|TAMS 0x000000074ef00000, 0x000000074ef00000| Complete 
| 228|0x000000074f000000, 0x000000074f100000, 0x000000074f100000|100%| E|CS|TAMS 0x000000074f000000, 0x000000074f000000| Complete 
| 229|0x000000074f100000, 0x000000074f200000, 0x000000074f200000|100%| E|CS|TAMS 0x000000074f100000, 0x000000074f100000| Complete 
| 230|0x000000074f200000, 0x000000074f300000, 0x000000074f300000|100%| E|CS|TAMS 0x000000074f200000, 0x000000074f200000| Complete 

Card table byte_map: [0x00000206a66e0000,0x00000206a6ce0000] _byte_map_base: 0x00000206a2cda000

Marking Bits (Prev, Next): (CMBitMap*) 0x000002068ee3d1a8, (CMBitMap*) 0x000002068ee3d1e0
 Prev Bits: [0x00000206a72e0000, 0x00000206aa2b0000)
 Next Bits: [0x00000206aa2b0000, 0x00000206ad280000)

Polling page: 0x000002068e4c0000

Metaspace:

Usage:
  Non-class:     59.64 MB capacity,    58.42 MB ( 98%) used,  1011.65 KB (  2%) free+waste,   239.94 KB ( <1%) overhead. 
      Class:      9.69 MB capacity,     8.93 MB ( 92%) used,   657.53 KB (  7%) free+waste,   116.63 KB (  1%) overhead. 
       Both:     69.33 MB capacity,    67.35 MB ( 97%) used,     1.63 MB (  2%) free+waste,   356.56 KB ( <1%) overhead. 

Virtual space:
  Non-class space:       60.00 MB reserved,      59.75 MB (>99%) committed 
      Class space:        1.00 GB reserved,       9.70 MB ( <1%) committed 
             Both:        1.06 GB reserved,      69.45 MB (  6%) committed 

Chunk freelists:
   Non-Class:  5.50 KB
       Class:  0 bytes
        Both:  5.50 KB

CodeHeap 'non-profiled nmethods': size=238912Kb used=13854Kb max_used=13854Kb free=225057Kb
 bounds [0x0000020697790000, 0x0000020698520000, 0x00000206a60e0000]
CodeHeap 'non-nmethods': size=6848Kb used=2408Kb max_used=2408Kb free=4440Kb
 bounds [0x00000206970e0000, 0x0000020697350000, 0x0000020697790000]
 total_blobs=8889 nmethods=8191 adapters=578
 compilation: enabled
              stopped_count=0, restarted_count=0
 full_count=0

Compilation events (10 events):
Event: 13.265 Thread 0x00000206b0a82800 8214       1       java.lang.ClassLoader::getDefinedPackage (35 bytes)
Event: 13.265 Thread 0x00000206b0a51800 8213       1       jdk.internal.loader.BuiltinClassLoader::getAndVerifyPackage (109 bytes)
Event: 13.265 Thread 0x00000206affff800 8215   !   1       java.lang.ClassLoader::checkCerts (195 bytes)
Event: 13.266 Thread 0x00000206b0a82800 nmethod 8214 0x0000020698513d10 code [0x0000020698513f00, 0x00000206985141b0]
Event: 13.267 Thread 0x00000206b0a51800 nmethod 8213 0x0000020698514310 code [0x00000206985145e0, 0x0000020698515050]
Event: 13.267 Thread 0x00000206affff800 nmethod 8215 0x0000020698515590 code [0x0000020698515820, 0x00000206985161b0]
Event: 13.271 Thread 0x00000206b0a82800 8216       1       java.util.regex.Pattern$CharProperty::study (29 bytes)
Event: 13.271 Thread 0x00000206b0a82800 nmethod 8216 0x0000020698516690 code [0x0000020698516840, 0x00000206985169b0]
Event: 13.273 Thread 0x00000206b0a51800 8218       1       sun.rmi.transport.StreamRemoteCall::getInputStream (43 bytes)
Event: 13.274 Thread 0x00000206b0a51800 nmethod 8218 0x0000020698516f90 code [0x00000206985171e0, 0x0000020698517880]

GC Heap History (10 events):
Event: 4.542 GC heap before
{Heap before GC invocations=6 (full 0):
 garbage-first heap   total 196608K, used 123547K [0x0000000740c00000, 0x0000000800000000)
  region size 1024K, 115 young (117760K), 5 survivors (5120K)
 Metaspace       used 28570K, capacity 29508K, committed 29696K, reserved 1075200K
  class space    used 3590K, capacity 3969K, committed 4096K, reserved 1048576K
}
Event: 4.554 GC heap after
{Heap after GC invocations=7 (full 0):
 garbage-first heap   total 196608K, used 15169K [0x0000000740c00000, 0x0000000800000000)
  region size 1024K, 8 young (8192K), 8 survivors (8192K)
 Metaspace       used 28570K, capacity 29508K, committed 29696K, reserved 1075200K
  class space    used 3590K, capacity 3969K, committed 4096K, reserved 1048576K
}
Event: 5.656 GC heap before
{Heap before GC invocations=7 (full 0):
 garbage-first heap   total 196608K, used 92993K [0x0000000740c00000, 0x0000000800000000)
  region size 1024K, 85 young (87040K), 8 survivors (8192K)
 Metaspace       used 34743K, capacity 35984K, committed 36048K, reserved 1081344K
  class space    used 4541K, capacity 5028K, committed 5072K, reserved 1048576K
}
Event: 5.681 GC heap after
{Heap after GC invocations=8 (full 0):
 garbage-first heap   total 236544K, used 18643K [0x0000000740c00000, 0x0000000800000000)
  region size 1024K, 11 young (11264K), 11 survivors (11264K)
 Metaspace       used 34743K, capacity 35984K, committed 36048K, reserved 1081344K
  class space    used 4541K, capacity 5028K, committed 5072K, reserved 1048576K
}
Event: 7.203 GC heap before
{Heap before GC invocations=9 (full 0):
 garbage-first heap   total 236544K, used 147667K [0x0000000740c00000, 0x0000000800000000)
  region size 1024K, 138 young (141312K), 11 survivors (11264K)
 Metaspace       used 49602K, capacity 51054K, committed 51408K, reserved 1093632K
  class space    used 6431K, capacity 7006K, committed 7120K, reserved 1048576K
}
Event: 7.227 GC heap after
{Heap after GC invocations=10 (full 0):
 garbage-first heap   total 236544K, used 24276K [0x0000000740c00000, 0x0000000800000000)
  region size 1024K, 15 young (15360K), 15 survivors (15360K)
 Metaspace       used 49602K, capacity 51054K, committed 51408K, reserved 1093632K
  class space    used 6431K, capacity 7006K, committed 7120K, reserved 1048576K
}
Event: 9.345 GC heap before
{Heap before GC invocations=10 (full 0):
 garbage-first heap   total 236544K, used 137940K [0x0000000740c00000, 0x0000000800000000)
  region size 1024K, 127 young (130048K), 15 survivors (15360K)
 Metaspace       used 58802K, capacity 60436K, committed 60508K, reserved 1101824K
  class space    used 7743K, capacity 8400K, committed 8400K, reserved 1048576K
}
Event: 9.390 GC heap after
{Heap after GC invocations=11 (full 0):
 garbage-first heap   total 236544K, used 29328K [0x0000000740c00000, 0x0000000800000000)
  region size 1024K, 12 young (12288K), 12 survivors (12288K)
 Metaspace       used 58802K, capacity 60436K, committed 60508K, reserved 1101824K
  class space    used 7743K, capacity 8400K, committed 8400K, reserved 1048576K
}
Event: 11.930 GC heap before
{Heap before GC invocations=12 (full 0):
 garbage-first heap   total 236544K, used 158352K [0x0000000740c00000, 0x0000000800000000)
  region size 1024K, 138 young (141312K), 12 survivors (12288K)
 Metaspace       used 65098K, capacity 67084K, committed 67280K, reserved 1107968K
  class space    used 8583K, capacity 9339K, committed 9424K, reserved 1048576K
}
Event: 11.960 GC heap after
{Heap after GC invocations=13 (full 0):
 garbage-first heap   total 236544K, used 34816K [0x0000000740c00000, 0x0000000800000000)
  region size 1024K, 12 young (12288K), 12 survivors (12288K)
 Metaspace       used 65098K, capacity 67084K, committed 67280K, reserved 1107968K
  class space    used 8583K, capacity 9339K, committed 9424K, reserved 1048576K
}

Deoptimization events (0 events):
No events

Classes redefined (0 events):
No events

Internal exceptions (10 events):
Event: 12.007 Thread 0x000002068edeb000 Exception <a 'java/lang/ClassNotFoundException'{0x000000074f131c58}: java/lang/ObjectCustomizer> (0x000000074f131c58) thrown at [t:/workspace/open/src/hotspot/share/classfile/systemDictionary.cpp, line 231]
Event: 12.008 Thread 0x000002068edeb000 Exception <a 'java/lang/ClassNotFoundException'{0x000000074f14c410}: org/springframework/security/config/annotation/web/configuration/HttpSecurityConfigurationCustomizer> (0x000000074f14c410) thrown at [t:/workspace/open/src/hotspot/share/classfile/system
Event: 12.148 Thread 0x000002068edeb000 Exception <a 'java/lang/NoSuchMethodError'{0x000000074edbfdd8}: java.lang.invoke.DirectMethodHandle$Holder.invokeInterface(Ljava/lang/Object;Ljava/lang/Object;Ljava/lang/Object;Ljava/lang/Object;)Ljava/lang/Object;> (0x000000074edbfdd8) thrown at [t:/work
Event: 12.373 Thread 0x000002068edeb000 Exception <a 'java/lang/NoSuchMethodError'{0x000000074e381f98}: java.lang.invoke.DirectMethodHandle$Holder.invokeVirtual(Ljava/lang/Object;Ljava/lang/Object;I)V> (0x000000074e381f98) thrown at [t:/workspace/open/src/hotspot/share/interpreter/linkResolver.
Event: 12.375 Thread 0x000002068edeb000 Exception <a 'java/lang/NoSuchMethodError'{0x000000074e39be28}: java.lang.invoke.DirectMethodHandle$Holder.invokeVirtual(Ljava/lang/Object;Ljava/lang/Object;J)V> (0x000000074e39be28) thrown at [t:/workspace/open/src/hotspot/share/interpreter/linkResolver.
Event: 12.487 Thread 0x000002068edeb000 Exception <a 'java/lang/IncompatibleClassChangeError'{0x000000074ddd3f50}: Found class java.lang.Object, but interface was expected> (0x000000074ddd3f50) thrown at [t:/workspace/open/src/hotspot/share/interpreter/linkResolver.cpp, line 856]
Event: 13.014 Thread 0x000002068edeb000 Exception <a 'java/lang/NoSuchMethodError'{0x000000074c7df558}: java.lang.invoke.DirectMethodHandle$Holder.invokeSpecial(Ljava/lang/Object;Ljava/lang/Object;ILjava/lang/Object;ILjava/lang/Object;)Ljava/lang/Object;> (0x000000074c7df558) thrown at [t:/work
Event: 13.015 Thread 0x000002068edeb000 Exception <a 'java/lang/NoSuchMethodError'{0x000000074c7e6a38}: java.lang.invoke.DirectMethodHandle$Holder.invokeStatic(Ljava/lang/Object;Ljava/lang/Object;ILjava/lang/Object;I)Ljava/lang/Object;> (0x000000074c7e6a38) thrown at [t:/workspace/open/src/hots
Event: 13.015 Thread 0x000002068edeb000 Exception <a 'java/lang/NoSuchMethodError'{0x000000074c7ea210}: java.lang.invoke.DirectMethodHandle$Holder.invokeSpecial(Ljava/lang/Object;Ljava/lang/Object;Ljava/lang/Object;ILjava/lang/Object;I)Ljava/lang/Object;> (0x000000074c7ea210) thrown at [t:/work
Event: 13.016 Thread 0x000002068edeb000 Exception <a 'java/lang/NoSuchMethodError'{0x000000074c7f6188}: java.lang.invoke.DirectMethodHandle$Holder.invokeVirtual(Ljava/lang/Object;Ljava/lang/Object;)V> (0x000000074c7f6188) thrown at [t:/workspace/open/src/hotspot/share/interpreter/linkResolver.c

Events (10 events):
Event: 13.283 loading class org/springframework/web/util/HierarchicalUriComponents$1
Event: 13.283 loading class org/springframework/web/util/HierarchicalUriComponents$1 done
Event: 13.284 loading class org/springframework/web/util/HierarchicalUriComponents$PathComponent
Event: 13.284 loading class org/springframework/web/util/HierarchicalUriComponents$PathComponent done
Event: 13.284 loading class org/springframework/web/util/HierarchicalUriComponents$FullPathComponent
Event: 13.284 loading class org/springframework/web/util/HierarchicalUriComponents$FullPathComponent done
Event: 13.285 loading class org/springframework/web/util/HierarchicalUriComponents$EncodeState
Event: 13.285 loading class org/springframework/web/util/HierarchicalUriComponents$EncodeState done
Event: 13.286 loading class springfox/documentation/spring/web/paths/OperationPathDecorator$1
Event: 13.286 loading class springfox/documentation/spring/web/paths/OperationPathDecorator$1 done


Dynamic libraries:
0x00007ff6c6570000 - 0x00007ff6c65b5000 	D:\Download\jdk-11.0.1\bin\java.exe
0x00007ffd83f60000 - 0x00007ffd84150000 	C:\WINDOWS\SYSTEM32\ntdll.dll
0x00007ffd83700000 - 0x00007ffd837b2000 	C:\WINDOWS\System32\KERNEL32.DLL
0x00007ffd812d0000 - 0x00007ffd81575000 	C:\WINDOWS\System32\KERNELBASE.dll
0x00007ffd82a00000 - 0x00007ffd82b94000 	C:\WINDOWS\System32\USER32.dll
0x00007ffd81220000 - 0x00007ffd81241000 	C:\WINDOWS\System32\win32u.dll
0x00007ffd83ef0000 - 0x00007ffd83f16000 	C:\WINDOWS\System32\GDI32.dll
0x00007ffd80fd0000 - 0x00007ffd81168000 	C:\WINDOWS\System32\gdi32full.dll
0x00007ffd81f70000 - 0x00007ffd8200e000 	C:\WINDOWS\System32\msvcp_win.dll
0x00007ffd80ed0000 - 0x00007ffd80fca000 	C:\WINDOWS\System32\ucrtbase.dll
0x00007ffd80290000 - 0x00007ffd80514000 	C:\WINDOWS\WinSxS\amd64_microsoft.windows.common-controls_6595b64144ccf1df_6.0.18362.1440_none_9e7dbfb9e45e8e67\COMCTL32.dll
0x00007ffd83d80000 - 0x00007ffd83e1e000 	C:\WINDOWS\System32\msvcrt.dll
0x00007ffd82050000 - 0x00007ffd82386000 	C:\WINDOWS\System32\combase.dll
0x00007ffd82810000 - 0x00007ffd8292f000 	C:\WINDOWS\System32\RPCRT4.dll
0x00007ffd81ee0000 - 0x00007ffd81f61000 	C:\WINDOWS\System32\bcryptPrimitives.dll
0x00007ffd82010000 - 0x00007ffd8203e000 	C:\WINDOWS\System32\IMM32.DLL
0x00007ffd75100000 - 0x00007ffd75116000 	D:\Download\jdk-11.0.1\bin\vcruntime140.dll
0x00007ffd412c0000 - 0x00007ffd4136a000 	D:\Download\jdk-11.0.1\bin\msvcp140.dll
0x00007ffd27cf0000 - 0x00007ffd28831000 	D:\Download\jdk-11.0.1\bin\server\jvm.dll
0x00007ffd82de0000 - 0x00007ffd82e83000 	C:\WINDOWS\System32\ADVAPI32.dll
0x00007ffd824d0000 - 0x00007ffd82567000 	C:\WINDOWS\System32\sechost.dll
0x00007ffd82c00000 - 0x00007ffd82c08000 	C:\WINDOWS\System32\PSAPI.DLL
0x00007ffd71aa0000 - 0x00007ffd71aa9000 	C:\WINDOWS\SYSTEM32\WSOCK32.dll
0x00007ffd83e80000 - 0x00007ffd83eef000 	C:\WINDOWS\System32\WS2_32.dll
0x00007ffd7cec0000 - 0x00007ffd7cee4000 	C:\WINDOWS\SYSTEM32\WINMM.dll
0x00007ffd72010000 - 0x00007ffd7201a000 	C:\WINDOWS\SYSTEM32\VERSION.dll
0x00007ffd7ce60000 - 0x00007ffd7ce8d000 	C:\WINDOWS\SYSTEM32\WINMMBASE.dll
0x00007ffd81280000 - 0x00007ffd812ca000 	C:\WINDOWS\System32\cfgmgr32.dll
0x00007ffd80eb0000 - 0x00007ffd80ec1000 	C:\WINDOWS\System32\kernel.appcore.dll
0x00007ffd750e0000 - 0x00007ffd750f1000 	D:\Download\jdk-11.0.1\bin\verify.dll
0x00007ffd80870000 - 0x00007ffd80a64000 	C:\WINDOWS\SYSTEM32\DBGHELP.DLL
0x00007ffd807c0000 - 0x00007ffd807ea000 	C:\WINDOWS\SYSTEM32\dbgcore.DLL
0x00007ffd750b0000 - 0x00007ffd750d8000 	D:\Download\jdk-11.0.1\bin\java.dll
0x00007ffd69610000 - 0x00007ffd6963f000 	D:\Download\jdk-11.0.1\bin\instrument.dll
0x00007ffd75090000 - 0x00007ffd750a6000 	D:\Download\jdk-11.0.1\bin\zip.dll
0x00007ffd807f0000 - 0x00007ffd807fa000 	D:\Download\jdk-11.0.1\bin\jimage.dll
0x00007ffd82e90000 - 0x00007ffd83578000 	C:\WINDOWS\System32\SHELL32.dll
0x00007ffd826d0000 - 0x00007ffd82777000 	C:\WINDOWS\System32\shcore.dll
0x00007ffd815a0000 - 0x00007ffd81d1b000 	C:\WINDOWS\System32\windows.storage.dll
0x00007ffd80e70000 - 0x00007ffd80e8e000 	C:\WINDOWS\System32\profapi.dll
0x00007ffd80e20000 - 0x00007ffd80e6a000 	C:\WINDOWS\System32\powrprof.dll
0x00007ffd80e10000 - 0x00007ffd80e20000 	C:\WINDOWS\System32\UMPDC.dll
0x00007ffd83e20000 - 0x00007ffd83e72000 	C:\WINDOWS\System32\shlwapi.dll
0x00007ffd81580000 - 0x00007ffd81597000 	C:\WINDOWS\System32\cryptsp.dll
0x00007ffd75070000 - 0x00007ffd75089000 	D:\Download\jdk-11.0.1\bin\net.dll
0x00007ffd7b8e0000 - 0x00007ffd7b9da000 	C:\WINDOWS\SYSTEM32\WINHTTP.dll
0x00007ffd7ff60000 - 0x00007ffd7ffc7000 	C:\WINDOWS\system32\mswsock.dll
0x00007ffd69640000 - 0x00007ffd69653000 	D:\Download\jdk-11.0.1\bin\nio.dll
0x00007ffd62890000 - 0x00007ffd628aa000 	C:\Program Files\JetBrains\IntelliJ IDEA 2020.3\bin\breakgen64.dll
0x00007ffd7fcc0000 - 0x00007ffd7fd8b000 	C:\WINDOWS\SYSTEM32\DNSAPI.dll
0x00007ffd82780000 - 0x00007ffd82788000 	C:\WINDOWS\System32\NSI.dll
0x00007ffd7fc80000 - 0x00007ffd7fcba000 	C:\WINDOWS\SYSTEM32\IPHLPAPI.DLL
0x00007ffd74020000 - 0x00007ffd7402a000 	C:\Windows\System32\rasadhlp.dll
0x00007ffd76950000 - 0x00007ffd769c7000 	C:\WINDOWS\System32\fwpuclnt.dll
0x00007ffd81250000 - 0x00007ffd81276000 	C:\WINDOWS\System32\bcrypt.dll
0x00007ffd7eef0000 - 0x00007ffd7eef9000 	D:\Download\jdk-11.0.1\bin\management.dll
0x00007ffd795d0000 - 0x00007ffd795dc000 	D:\Download\jdk-11.0.1\bin\management_ext.dll
0x00007ffd7faf0000 - 0x00007ffd7fb23000 	C:\WINDOWS\system32\rsaenh.dll
0x00007ffd80cf0000 - 0x00007ffd80d15000 	C:\WINDOWS\SYSTEM32\USERENV.dll
0x00007ffd801a0000 - 0x00007ffd801ac000 	C:\WINDOWS\SYSTEM32\CRYPTBASE.dll
0x00007ffd785e0000 - 0x00007ffd785f6000 	C:\WINDOWS\SYSTEM32\dhcpcsvc6.DLL
0x00007ffd77a40000 - 0x00007ffd77a5c000 	C:\WINDOWS\SYSTEM32\dhcpcsvc.DLL
0x00007ffd791d0000 - 0x00007ffd791e6000 	C:\WINDOWS\system32\napinsp.dll
0x00007ffd791a0000 - 0x00007ffd791ba000 	C:\WINDOWS\system32\pnrpnsp.dll
0x00007ffd7c9c0000 - 0x00007ffd7c9ce000 	C:\WINDOWS\System32\winrnr.dll
0x00007ffd7c710000 - 0x00007ffd7c72c000 	C:\WINDOWS\system32\NLAapi.dll
0x00007ffd63080000 - 0x00007ffd63095000 	C:\WINDOWS\system32\wshbth.dll
0x00007ffd56ab0000 - 0x00007ffd56ad7000 	D:\Download\jdk-11.0.1\bin\sunec.dll
0x00007ffd79300000 - 0x00007ffd7930d000 	D:\Download\jdk-11.0.1\bin\sunmscapi.dll
0x00007ffd81d20000 - 0x00007ffd81e71000 	C:\WINDOWS\System32\CRYPT32.dll
0x00007ffd80e90000 - 0x00007ffd80ea2000 	C:\WINDOWS\System32\MSASN1.dll
0x00007ffd80260000 - 0x00007ffd80286000 	C:\WINDOWS\SYSTEM32\ncrypt.dll
0x00007ffd80220000 - 0x00007ffd8025b000 	C:\WINDOWS\SYSTEM32\NTASN1.dll

dbghelp: loaded successfully - version: 4.0.5 - missing functions: none
symbol engine: initialized successfully - sym options: 0x614 - pdb path: .;D:\Download\jdk-11.0.1\bin;C:\WINDOWS\SYSTEM32;C:\WINDOWS\WinSxS\amd64_microsoft.windows.common-controls_6595b64144ccf1df_6.0.18362.1440_none_9e7dbfb9e45e8e67;D:\Download\jdk-11.0.1\bin\server;C:\Program Files\JetBrains\IntelliJ IDEA 2020.3\bin

VM Arguments:
jvm_args: -XX:TieredStopAtLevel=1 -Xverify:none -Dspring.output.ansi.enabled=always -javaagent:C:\Program Files\JetBrains\IntelliJ IDEA 2020.3\lib\idea_rt.jar=63677:C:\Program Files\JetBrains\IntelliJ IDEA 2020.3\bin -Dcom.sun.management.jmxremote -Dspring.jmx.enabled=true -Dspring.liveBeansView.mbeanDomain -Dspring.application.admin.enabled=true -Dfile.encoding=UTF-8 
java_command: com.example.demo.DemoApplication
java_class_path (initial): D:\Summer\Back_end\JWT_Course\capstone_v1\target\classes;C:\Users\Sony\.m2\repository\org\springframework\boot\spring-boot-starter-data-jpa\2.4.2\spring-boot-starter-data-jpa-2.4.2.jar;C:\Users\Sony\.m2\repository\org\springframework\boot\spring-boot-starter-aop\2.4.2\spring-boot-starter-aop-2.4.2.jar;C:\Users\Sony\.m2\repository\org\aspectj\aspectjweaver\1.9.6\aspectjweaver-1.9.6.jar;C:\Users\Sony\.m2\repository\org\springframework\boot\spring-boot-starter-jdbc\2.4.2\spring-boot-starter-jdbc-2.4.2.jar;C:\Users\Sony\.m2\repository\com\zaxxer\HikariCP\3.4.5\HikariCP-3.4.5.jar;C:\Users\Sony\.m2\repository\org\springframework\spring-jdbc\5.3.3\spring-jdbc-5.3.3.jar;C:\Users\Sony\.m2\repository\jakarta\transaction\jakarta.transaction-api\1.3.3\jakarta.transaction-api-1.3.3.jar;C:\Users\Sony\.m2\repository\jakarta\persistence\jakarta.persistence-api\2.2.3\jakarta.persistence-api-2.2.3.jar;C:\Users\Sony\.m2\repository\org\hibernate\hibernate-core\5.4.27.Final\hibernate-core-5.4.27.Final.jar;C:\Users\Sony\.m2\repository\org\jboss\logging\jboss-logging\3.4.1.Final\jboss-logging-3.4.1.Final.jar;C:\Users\Sony\.m2\repository\org\javassist\javassist\3.27.0-GA\javassist-3.27.0-GA.jar;C:\Users\Sony\.m2\repository\net\bytebuddy\byte-buddy\1.10.19\byte-buddy-1.10.19.jar;C:\Users\Sony\.m2\repository\antlr\antlr\2.7.7\antlr-2.7.7.jar;C:\Users\Sony\.m2\repository\org\jboss\jandex\2.1.3.Final\jandex-2.1.3.Final.jar;C:\Users\Sony\.m2\repository\org\dom4j\dom4j\2.1.3\dom4j-2.1.3.jar;C:\Users\Sony\.m2\repository\org\hibernate\common\hibernate-commons-annotations\5.1.2.Final\hibernate-commons-annotations-5.1.2.Final.jar;C:\Users\Sony\.m2\repository\org\glassfish\jaxb\jaxb-runtime\2.3.3\jaxb-runtime-2.3.3.jar;C:\Users\Sony\.m2\repository\org\glassfish\jaxb\txw2\2.3.3\txw2-2.3.3.jar;C:\Users\Sony\.m2\repository\com\sun\istack\istack-commons-runtime\3.0.11\istack-commons-runtime-3.0.11.jar;C:\Users\Sony\.m2\repository\org\springframework\data\spring-data-jpa\2.4.3
Launcher Type: SUN_STANDARD

[Global flags]
     bool BytecodeVerificationLocal                = false                                     {product} {command line}
     bool BytecodeVerificationRemote               = false                                     {product} {command line}
     intx CICompilerCount                          = 3                                         {product} {ergonomic}
     uint ConcGCThreads                            = 1                                         {product} {ergonomic}
     uint G1ConcRefinementThreads                  = 4                                         {product} {ergonomic}
   size_t G1HeapRegionSize                         = 1048576                                   {product} {ergonomic}
    uintx GCDrainStackTargetSize                   = 64                                        {product} {ergonomic}
   size_t InitialHeapSize                          = 201326592                                 {product} {ergonomic}
     bool ManagementServer                         = true                                      {product} {command line}
   size_t MarkStackSize                            = 4194304                                   {product} {ergonomic}
   size_t MaxHeapSize                              = 3208642560                                {product} {ergonomic}
   size_t MaxNewSize                               = 1925185536                                {product} {ergonomic}
   size_t MinHeapDeltaBytes                        = 1048576                                   {product} {ergonomic}
    uintx NonNMethodCodeHeapSize                   = 6973028                                {pd product} {ergonomic}
    uintx NonProfiledCodeHeapSize                  = 244685212                              {pd product} {ergonomic}
    uintx ProfiledCodeHeapSize                     = 0                                      {pd product} {ergonomic}
    uintx ReservedCodeCacheSize                    = 251658240                              {pd product} {ergonomic}
     bool SegmentedCodeCache                       = true                                      {product} {ergonomic}
     intx TieredStopAtLevel                        = 1                                         {product} {command line}
     bool UseCompressedClassPointers               = true                                 {lp64_product} {ergonomic}
     bool UseCompressedOops                        = true                                 {lp64_product} {ergonomic}
     bool UseG1GC                                  = true                                      {product} {ergonomic}
     bool UseLargePagesIndividualAllocation        = false                                  {pd product} {ergonomic}

Logging:
Log output configuration:
 #0: stdout all=warning uptime,level,tags
 #1: stderr all=off uptime,level,tags

Environment Variables:
JAVA_HOME=D:\Download\jdk-11.0.1
PATH=D:\Download\jdk-11.0.1\bin;C:\Program Files (x86)\Common Files\Oracle\Java\javapath;C:\WINDOWS\system32;C:\WINDOWS;C:\WINDOWS\System32\Wbem;C:\WINDOWS\System32\WindowsPowerShell\v1.0\;C:\Program Files\Git\cmd;C:\Program Files\nodejs\;C:\WINDOWS\System32\OpenSSH\;C:\Program Files\Microsoft SQL Server\130\Tools\Binn\;C:\Program Files\Microsoft SQL Server\Client SDK\ODBC\170\Tools\Binn\;C:\Program Files (x86)\Microsoft SQL Server\150\Tools\Binn\;C:\Program Files\Microsoft SQL Server\150\Tools\Binn\;C:\Program Files\Microsoft SQL Server\150\DTS\Binn\;C:\Program Files (x86)\Microsoft SQL Server\150\DTS\Binn\;C:\Program Files (x86)\Microsoft SQL Server\110\DTS\Binn\;C:\Program Files (x86)\Microsoft SQL Server\120\DTS\Binn\;C:\Program Files (x86)\Microsoft SQL Server\130\DTS\Binn\;C:\Program Files (x86)\Microsoft SQL Server\140\DTS\Binn\;C:\Program Files\dotnet\;C:\Users\Sony\AppData\Local\Microsoft\WindowsApps;C:\Users\Sony\AppData\Local\Programs\Microsoft VS Code\bin;C:\Users\Sony\AppData\Roaming\npm;D:\Download\jdk-11.0.1\bin;D:\flutter_project\flutter\bin;C:\Users\Sony\.dotnet\tools;C:\Users\Sony\AppData\Local\GitHubDesktop\bin;C:\Program Files\heroku\bin
USERNAME=Sony
OS=Windows_NT
PROCESSOR_IDENTIFIER=Intel64 Family 6 Model 42 Stepping 7, GenuineIntel



---------------  S Y S T E M  ---------------

OS: Windows 10 , 64 bit Build 18362 (10.0.18362.1350)

CPU:total 4 (initial active 4) (2 cores per cpu, 2 threads per core) family 6 model 42 stepping 7, cmov, cx8, fxsr, mmx, sse, sse2, sse3, ssse3, sse4.1, sse4.2, popcnt, avx, aes, clmul, ht, tsc, tscinvbit

Memory: 4k page, system-wide physical 12235M (3740M free)
TotalPageFile size 14091M (AvailPageFile size 2114M)
current process WorkingSet (physical memory assigned to process): 332M, peak: 332M
current process commit charge ("private bytes"): 415M, peak: 415M

vm_info: OpenJDK 64-Bit Server VM (11.0.1+13) for windows-amd64 JRE (11.0.1+13), built on Oct  6 2018 13:18:13 by "mach5one" with MS VC++ 15.5 (VS2017)

END.
